2004.03.01 11:32 B D:\Sanctuaire\Linux\Rmll03\Web-Rmll-en\pics\first.jpeg --> www.univ-reims.fr /GNOSIE/LSD/Web-Rmll-en/pics first.jpeg
2004.03.01 11:32 B D:\Sanctuaire\Linux\Rmll03\Web-Rmll-en\pics\home.jpeg --> www.univ-reims.fr /GNOSIE/LSD/Web-Rmll-en/pics home.jpeg
2004.03.01 11:32 B D:\Sanctuaire\Linux\Rmll03\Web-Rmll-en\pics\last.jpeg --> www.univ-reims.fr /GNOSIE/LSD/Web-Rmll-en/pics last.jpeg
2004.03.01 11:32 B D:\Sanctuaire\Linux\Rmll03\Web-Rmll-en\pics\next.jpeg --> www.univ-reims.fr /GNOSIE/LSD/Web-Rmll-en/pics next.jpeg
2004.03.01 11:32 B D:\Sanctuaire\Linux\Rmll03\Web-Rmll-en\pics\prev.jpeg --> www.univ-reims.fr /GNOSIE/LSD/Web-Rmll-en/pics prev.jpeg
2004.03.01 11:32 B D:\Sanctuaire\Linux\Rmll03\Web-Rmll-en\pics\slide_1.jpeg --> www.univ-reims.fr /GNOSIE/LSD/Web-Rmll-en/pics slide_1.jpeg
2004.03.01 11:32 B D:\Sanctuaire\Linux\Rmll03\Web-Rmll-en\pics\slide_10.jpeg --> www.univ-reims.fr /GNOSIE/LSD/Web-Rmll-en/pics slide_10.jpeg
2004.03.01 11:32 B D:\Sanctuaire\Linux\Rmll03\Web-Rmll-en\pics\slide_11.jpeg --> www.univ-reims.fr /GNOSIE/LSD/Web-Rmll-en/pics slide_11.jpeg
2004.03.01 11:32 B D:\Sanctuaire\Linux\Rmll03\Web-Rmll-en\pics\slide_12.jpeg --> www.univ-reims.fr /GNOSIE/LSD/Web-Rmll-en/pics slide_12.jpeg
2004.03.01 11:32 B D:\Sanctuaire\Linux\Rmll03\Web-Rmll-en\pics\slide_13.jpeg --> www.univ-reims.fr /GNOSIE/LSD/Web-Rmll-en/pics slide_13.jpeg
2004.03.01 11:32 B D:\Sanctuaire\Linux\Rmll03\Web-Rmll-en\pics\slide_14.jpeg --> www.univ-reims.fr /GNOSIE/LSD/Web-Rmll-en/pics slide_14.jpeg
2004.03.01 11:32 B D:\Sanctuaire\Linux\Rmll03\Web-Rmll-en\pics\slide_15.jpeg --> www.univ-reims.fr /GNOSIE/LSD/Web-Rmll-en/pics slide_15.jpeg
2004.03.01 11:32 B D:\Sanctuaire\Linux\Rmll03\Web-Rmll-en\pics\slide_16.jpeg --> www.univ-reims.fr /GNOSIE/LSD/Web-Rmll-en/pics slide_16.jpeg
2004.03.01 11:32 B D:\Sanctuaire\Linux\Rmll03\Web-Rmll-en\pics\slide_17.jpeg --> www.univ-reims.fr /GNOSIE/LSD/Web-Rmll-en/pics slide_17.jpeg
2004.03.01 11:32 B D:\Sanctuaire\Linux\Rmll03\Web-Rmll-en\pics\slide_18.jpeg --> www.univ-reims.fr /GNOSIE/LSD/Web-Rmll-en/pics slide_18.jpeg
2004.03.01 11:32 B D:\Sanctuaire\Linux\Rmll03\Web-Rmll-en\pics\slide_19.jpeg --> www.univ-reims.fr /GNOSIE/LSD/Web-Rmll-en/pics slide_19.jpeg
2004.03.01 11:32 B D:\Sanctuaire\Linux\Rmll03\Web-Rmll-en\pics\slide_2.jpeg --> www.univ-reims.fr /GNOSIE/LSD/Web-Rmll-en/pics slide_2.jpeg
2004.03.01 11:32 B D:\Sanctuaire\Linux\Rmll03\Web-Rmll-en\pics\slide_20.jpeg --> www.univ-reims.fr /GNOSIE/LSD/Web-Rmll-en/pics slide_20.jpeg
2004.03.01 11:32 B D:\Sanctuaire\Linux\Rmll03\Web-Rmll-en\pics\slide_21.jpeg --> www.univ-reims.fr /GNOSIE/LSD/Web-Rmll-en/pics slide_21.jpeg
2004.03.01 11:32 B D:\Sanctuaire\Linux\Rmll03\Web-Rmll-en\pics\slide_22.jpeg --> www.univ-reims.fr /GNOSIE/LSD/Web-Rmll-en/pics slide_22.jpeg
2004.03.01 11:32 B D:\Sanctuaire\Linux\Rmll03\Web-Rmll-en\pics\slide_23.jpeg --> www.univ-reims.fr /GNOSIE/LSD/Web-Rmll-en/pics slide_23.jpeg
2004.03.01 11:32 B D:\Sanctuaire\Linux\Rmll03\Web-Rmll-en\pics\slide_24.jpeg --> www.univ-reims.fr /GNOSIE/LSD/Web-Rmll-en/pics slide_24.jpeg
2004.03.01 11:32 B D:\Sanctuaire\Linux\Rmll03\Web-Rmll-en\pics\slide_25.jpeg --> www.univ-reims.fr /GNOSIE/LSD/Web-Rmll-en/pics slide_25.jpeg
2004.03.01 11:32 B D:\Sanctuaire\Linux\Rmll03\Web-Rmll-en\pics\slide_26.jpeg --> www.univ-reims.fr /GNOSIE/LSD/Web-Rmll-en/pics slide_26.jpeg
2004.03.01 11:32 B D:\Sanctuaire\Linux\Rmll03\Web-Rmll-en\pics\slide_27.jpeg --> www.univ-reims.fr /GNOSIE/LSD/Web-Rmll-en/pics slide_27.jpeg
2004.03.01 11:32 B D:\Sanctuaire\Linux\Rmll03\Web-Rmll-en\pics\slide_28.jpeg --> www.univ-reims.fr /GNOSIE/LSD/Web-Rmll-en/pics slide_28.jpeg
2004.03.01 11:32 B D:\Sanctuaire\Linux\Rmll03\Web-Rmll-en\pics\slide_29.jpeg --> www.univ-reims.fr /GNOSIE/LSD/Web-Rmll-en/pics slide_29.jpeg
2004.03.01 11:32 B D:\Sanctuaire\Linux\Rmll03\Web-Rmll-en\pics\slide_3.jpeg --> www.univ-reims.fr /GNOSIE/LSD/Web-Rmll-en/pics slide_3.jpeg
2004.03.01 11:32 B D:\Sanctuaire\Linux\Rmll03\Web-Rmll-en\pics\slide_30.jpeg --> www.univ-reims.fr /GNOSIE/LSD/Web-Rmll-en/pics slide_30.jpeg
2004.03.01 11:32 B D:\Sanctuaire\Linux\Rmll03\Web-Rmll-en\pics\slide_31.jpeg --> www.univ-reims.fr /GNOSIE/LSD/Web-Rmll-en/pics slide_31.jpeg
2004.03.01 11:32 B D:\Sanctuaire\Linux\Rmll03\Web-Rmll-en\pics\slide_32.jpeg --> www.univ-reims.fr /GNOSIE/LSD/Web-Rmll-en/pics slide_32.jpeg
2004.03.01 11:32 B D:\Sanctuaire\Linux\Rmll03\Web-Rmll-en\pics\slide_33.jpeg --> www.univ-reims.fr /GNOSIE/LSD/Web-Rmll-en/pics slide_33.jpeg
2004.03.01 11:32 B D:\Sanctuaire\Linux\Rmll03\Web-Rmll-en\pics\slide_34.jpeg --> www.univ-reims.fr /GNOSIE/LSD/Web-Rmll-en/pics slide_34.jpeg
2004.03.01 11:32 B D:\Sanctuaire\Linux\Rmll03\Web-Rmll-en\pics\slide_35.jpeg --> www.univ-reims.fr /GNOSIE/LSD/Web-Rmll-en/pics slide_35.jpeg
2004.03.01 11:32 B D:\Sanctuaire\Linux\Rmll03\Web-Rmll-en\pics\slide_36.jpeg --> www.univ-reims.fr /GNOSIE/LSD/Web-Rmll-en/pics slide_36.jpeg
2004.03.01 11:32 B D:\Sanctuaire\Linux\Rmll03\Web-Rmll-en\pics\slide_37.jpeg --> www.univ-reims.fr /GNOSIE/LSD/Web-Rmll-en/pics slide_37.jpeg
2004.03.01 11:32 B D:\Sanctuaire\Linux\Rmll03\Web-Rmll-en\pics\slide_38.jpeg --> www.univ-reims.fr /GNOSIE/LSD/Web-Rmll-en/pics slide_38.jpeg
2004.03.01 11:32 B D:\Sanctuaire\Linux\Rmll03\Web-Rmll-en\pics\slide_39.jpeg --> www.univ-reims.fr /GNOSIE/LSD/Web-Rmll-en/pics slide_39.jpeg
2004.03.01 11:32 B D:\Sanctuaire\Linux\Rmll03\Web-Rmll-en\pics\slide_4.jpeg --> www.univ-reims.fr /GNOSIE/LSD/Web-Rmll-en/pics slide_4.jpeg
2004.03.01 11:32 B D:\Sanctuaire\Linux\Rmll03\Web-Rmll-en\pics\slide_40.jpeg --> www.univ-reims.fr /GNOSIE/LSD/Web-Rmll-en/pics slide_40.jpeg
2004.03.01 11:32 B D:\Sanctuaire\Linux\Rmll03\Web-Rmll-en\pics\slide_41.jpeg --> www.univ-reims.fr /GNOSIE/LSD/Web-Rmll-en/pics slide_41.jpeg
2004.03.01 11:32 B D:\Sanctuaire\Linux\Rmll03\Web-Rmll-en\pics\slide_42.jpeg --> www.univ-reims.fr /GNOSIE/LSD/Web-Rmll-en/pics slide_42.jpeg
2004.03.01 11:32 B D:\Sanctuaire\Linux\Rmll03\Web-Rmll-en\pics\slide_43.jpeg --> www.univ-reims.fr /GNOSIE/LSD/Web-Rmll-en/pics slide_43.jpeg
2004.03.01 11:32 B D:\Sanctuaire\Linux\Rmll03\Web-Rmll-en\pics\slide_44.jpeg --> www.univ-reims.fr /GNOSIE/LSD/Web-Rmll-en/pics slide_44.jpeg
2004.03.01 11:32 B D:\Sanctuaire\Linux\Rmll03\Web-Rmll-en\pics\slide_45.jpeg --> www.univ-reims.fr /GNOSIE/LSD/Web-Rmll-en/pics slide_45.jpeg
2004.03.01 11:32 B D:\Sanctuaire\Linux\Rmll03\Web-Rmll-en\pics\slide_46.jpeg --> www.univ-reims.fr /GNOSIE/LSD/Web-Rmll-en/pics slide_46.jpeg
2004.03.01 11:32 B D:\Sanctuaire\Linux\Rmll03\Web-Rmll-en\pics\slide_47.jpeg --> www.univ-reims.fr /GNOSIE/LSD/Web-Rmll-en/pics slide_47.jpeg
2004.03.01 11:32 B D:\Sanctuaire\Linux\Rmll03\Web-Rmll-en\pics\slide_48.jpeg --> www.univ-reims.fr /GNOSIE/LSD/Web-Rmll-en/pics slide_48.jpeg
2004.03.01 11:32 B D:\Sanctuaire\Linux\Rmll03\Web-Rmll-en\pics\slide_49.jpeg --> www.univ-reims.fr /GNOSIE/LSD/Web-Rmll-en/pics slide_49.jpeg
2004.03.01 11:32 B D:\Sanctuaire\Linux\Rmll03\Web-Rmll-en\pics\slide_5.jpeg --> www.univ-reims.fr /GNOSIE/LSD/Web-Rmll-en/pics slide_5.jpeg
2004.03.01 11:32 B D:\Sanctuaire\Linux\Rmll03\Web-Rmll-en\pics\slide_50.jpeg --> www.univ-reims.fr /GNOSIE/LSD/Web-Rmll-en/pics slide_50.jpeg
2004.03.01 11:32 B D:\Sanctuaire\Linux\Rmll03\Web-Rmll-en\pics\slide_51.jpeg --> www.univ-reims.fr /GNOSIE/LSD/Web-Rmll-en/pics slide_51.jpeg
2004.03.01 11:32 B D:\Sanctuaire\Linux\Rmll03\Web-Rmll-en\pics\slide_52.jpeg --> www.univ-reims.fr /GNOSIE/LSD/Web-Rmll-en/pics slide_52.jpeg
2004.03.01 11:32 B D:\Sanctuaire\Linux\Rmll03\Web-Rmll-en\pics\slide_53.jpeg --> www.univ-reims.fr /GNOSIE/LSD/Web-Rmll-en/pics slide_53.jpeg
2004.03.01 11:32 B D:\Sanctuaire\Linux\Rmll03\Web-Rmll-en\pics\slide_54.jpeg --> www.univ-reims.fr /GNOSIE/LSD/Web-Rmll-en/pics slide_54.jpeg
2004.03.01 11:32 B D:\Sanctuaire\Linux\Rmll03\Web-Rmll-en\pics\slide_55.jpeg --> www.univ-reims.fr /GNOSIE/LSD/Web-Rmll-en/pics slide_55.jpeg
2004.03.01 11:32 B D:\Sanctuaire\Linux\Rmll03\Web-Rmll-en\pics\slide_56.jpeg --> www.univ-reims.fr /GNOSIE/LSD/Web-Rmll-en/pics slide_56.jpeg
2004.03.01 11:32 B D:\Sanctuaire\Linux\Rmll03\Web-Rmll-en\pics\slide_57.jpeg --> www.univ-reims.fr /GNOSIE/LSD/Web-Rmll-en/pics slide_57.jpeg
2004.03.01 11:32 B D:\Sanctuaire\Linux\Rmll03\Web-Rmll-en\pics\slide_58.jpeg --> www.univ-reims.fr /GNOSIE/LSD/Web-Rmll-en/pics slide_58.jpeg
2004.03.01 11:32 B D:\Sanctuaire\Linux\Rmll03\Web-Rmll-en\pics\slide_59.jpeg --> www.univ-reims.fr /GNOSIE/LSD/Web-Rmll-en/pics slide_59.jpeg
2004.03.01 11:32 B D:\Sanctuaire\Linux\Rmll03\Web-Rmll-en\pics\slide_6.jpeg --> www.univ-reims.fr /GNOSIE/LSD/Web-Rmll-en/pics slide_6.jpeg
2004.03.01 11:32 B D:\Sanctuaire\Linux\Rmll03\Web-Rmll-en\pics\slide_60.jpeg --> www.univ-reims.fr /GNOSIE/LSD/Web-Rmll-en/pics slide_60.jpeg
2004.03.01 11:32 B D:\Sanctuaire\Linux\Rmll03\Web-Rmll-en\pics\slide_7.jpeg --> www.univ-reims.fr /GNOSIE/LSD/Web-Rmll-en/pics slide_7.jpeg
2004.03.01 11:32 B D:\Sanctuaire\Linux\Rmll03\Web-Rmll-en\pics\slide_8.jpeg --> www.univ-reims.fr /GNOSIE/LSD/Web-Rmll-en/pics slide_8.jpeg
2004.03.01 11:32 B D:\Sanctuaire\Linux\Rmll03\Web-Rmll-en\pics\slide_9.jpeg --> www.univ-reims.fr /GNOSIE/LSD/Web-Rmll-en/pics slide_9.jpeg
2004.03.01 19:04 B D:\Sanctuaire\Linux\Rmll03\Web-Rmll-en\pics\first.png --> www.univ-reims.fr /GNOSIE/LSD/Web-Rmll-en/pics first.png
2004.03.01 19:04 B D:\Sanctuaire\Linux\Rmll03\Web-Rmll-en\pics\home.png --> www.univ-reims.fr /GNOSIE/LSD/Web-Rmll-en/pics home.png
2004.03.01 19:04 B D:\Sanctuaire\Linux\Rmll03\Web-Rmll-en\pics\last.png --> www.univ-reims.fr /GNOSIE/LSD/Web-Rmll-en/pics last.png
2004.03.01 19:04 B D:\Sanctuaire\Linux\Rmll03\Web-Rmll-en\pics\next.png --> www.univ-reims.fr /GNOSIE/LSD/Web-Rmll-en/pics next.png
2004.03.01 19:04 B D:\Sanctuaire\Linux\Rmll03\Web-Rmll-en\pics\prev.png --> www.univ-reims.fr /GNOSIE/LSD/Web-Rmll-en/pics prev.png
2004.03.01 19:04 B D:\Sanctuaire\Linux\Rmll03\Web-Rmll-en\pics\slide_1.png --> www.univ-reims.fr /GNOSIE/LSD/Web-Rmll-en/pics slide_1.png
2004.03.01 19:04 B D:\Sanctuaire\Linux\Rmll03\Web-Rmll-en\pics\slide_10.png --> www.univ-reims.fr /GNOSIE/LSD/Web-Rmll-en/pics slide_10.png
2004.03.01 19:04 B D:\Sanctuaire\Linux\Rmll03\Web-Rmll-en\pics\slide_11.png --> www.univ-reims.fr /GNOSIE/LSD/Web-Rmll-en/pics slide_11.png
2004.03.01 19:04 B D:\Sanctuaire\Linux\Rmll03\Web-Rmll-en\pics\slide_12.png --> www.univ-reims.fr /GNOSIE/LSD/Web-Rmll-en/pics slide_12.png
2004.03.01 19:04 B D:\Sanctuaire\Linux\Rmll03\Web-Rmll-en\pics\slide_13.png --> www.univ-reims.fr /GNOSIE/LSD/Web-Rmll-en/pics slide_13.png
2004.03.01 19:04 B D:\Sanctuaire\Linux\Rmll03\Web-Rmll-en\pics\slide_14.png --> www.univ-reims.fr /GNOSIE/LSD/Web-Rmll-en/pics slide_14.png
2004.03.01 19:04 B D:\Sanctuaire\Linux\Rmll03\Web-Rmll-en\pics\slide_15.png --> www.univ-reims.fr /GNOSIE/LSD/Web-Rmll-en/pics slide_15.png
2004.03.01 19:04 B D:\Sanctuaire\Linux\Rmll03\Web-Rmll-en\pics\slide_16.png --> www.univ-reims.fr /GNOSIE/LSD/Web-Rmll-en/pics slide_16.png
2004.03.01 19:04 B D:\Sanctuaire\Linux\Rmll03\Web-Rmll-en\pics\slide_17.png --> www.univ-reims.fr /GNOSIE/LSD/Web-Rmll-en/pics slide_17.png
2004.03.01 19:04 B D:\Sanctuaire\Linux\Rmll03\Web-Rmll-en\pics\slide_18.png --> www.univ-reims.fr /GNOSIE/LSD/Web-Rmll-en/pics slide_18.png
2004.03.01 19:04 B D:\Sanctuaire\Linux\Rmll03\Web-Rmll-en\pics\slide_19.png --> www.univ-reims.fr /GNOSIE/LSD/Web-Rmll-en/pics slide_19.png
2004.03.01 19:04 B D:\Sanctuaire\Linux\Rmll03\Web-Rmll-en\pics\slide_2.png --> www.univ-reims.fr /GNOSIE/LSD/Web-Rmll-en/pics slide_2.png
2004.03.01 19:04 B D:\Sanctuaire\Linux\Rmll03\Web-Rmll-en\pics\slide_20.png --> www.univ-reims.fr /GNOSIE/LSD/Web-Rmll-en/pics slide_20.png
2004.03.01 19:04 B D:\Sanctuaire\Linux\Rmll03\Web-Rmll-en\pics\slide_21.png --> www.univ-reims.fr /GNOSIE/LSD/Web-Rmll-en/pics slide_21.png
2004.03.01 19:04 B D:\Sanctuaire\Linux\Rmll03\Web-Rmll-en\pics\slide_22.png --> www.univ-reims.fr /GNOSIE/LSD/Web-Rmll-en/pics slide_22.png
2004.03.01 19:04 B D:\Sanctuaire\Linux\Rmll03\Web-Rmll-en\pics\slide_23.png --> www.univ-reims.fr /GNOSIE/LSD/Web-Rmll-en/pics slide_23.png
2004.03.01 19:04 B D:\Sanctuaire\Linux\Rmll03\Web-Rmll-en\pics\slide_24.png --> www.univ-reims.fr /GNOSIE/LSD/Web-Rmll-en/pics slide_24.png
2004.03.01 19:04 B D:\Sanctuaire\Linux\Rmll03\Web-Rmll-en\pics\slide_25.png --> www.univ-reims.fr /GNOSIE/LSD/Web-Rmll-en/pics slide_25.png
2004.03.01 19:04 B D:\Sanctuaire\Linux\Rmll03\Web-Rmll-en\pics\slide_26.png --> www.univ-reims.fr /GNOSIE/LSD/Web-Rmll-en/pics slide_26.png
2004.03.01 19:04 B D:\Sanctuaire\Linux\Rmll03\Web-Rmll-en\pics\slide_27.png --> www.univ-reims.fr /GNOSIE/LSD/Web-Rmll-en/pics slide_27.png
2004.03.01 19:04 B D:\Sanctuaire\Linux\Rmll03\Web-Rmll-en\pics\slide_28.png --> www.univ-reims.fr /GNOSIE/LSD/Web-Rmll-en/pics slide_28.png
2004.03.01 19:04 B D:\Sanctuaire\Linux\Rmll03\Web-Rmll-en\pics\slide_29.png --> www.univ-reims.fr /GNOSIE/LSD/Web-Rmll-en/pics slide_29.png
2004.03.01 19:04 B D:\Sanctuaire\Linux\Rmll03\Web-Rmll-en\pics\slide_3.png --> www.univ-reims.fr /GNOSIE/LSD/Web-Rmll-en/pics slide_3.png
2004.03.01 19:04 B D:\Sanctuaire\Linux\Rmll03\Web-Rmll-en\pics\slide_30.png --> www.univ-reims.fr /GNOSIE/LSD/Web-Rmll-en/pics slide_30.png
2004.03.01 19:04 B D:\Sanctuaire\Linux\Rmll03\Web-Rmll-en\pics\slide_31.png --> www.univ-reims.fr /GNOSIE/LSD/Web-Rmll-en/pics slide_31.png
2004.03.01 19:04 B D:\Sanctuaire\Linux\Rmll03\Web-Rmll-en\pics\slide_32.png --> www.univ-reims.fr /GNOSIE/LSD/Web-Rmll-en/pics slide_32.png
2004.03.01 19:04 B D:\Sanctuaire\Linux\Rmll03\Web-Rmll-en\pics\slide_33.png --> www.univ-reims.fr /GNOSIE/LSD/Web-Rmll-en/pics slide_33.png
2004.03.01 19:04 B D:\Sanctuaire\Linux\Rmll03\Web-Rmll-en\pics\slide_34.png --> www.univ-reims.fr /GNOSIE/LSD/Web-Rmll-en/pics slide_34.png
2004.03.01 19:04 B D:\Sanctuaire\Linux\Rmll03\Web-Rmll-en\pics\slide_35.png --> www.univ-reims.fr /GNOSIE/LSD/Web-Rmll-en/pics slide_35.png
2004.03.01 19:04 B D:\Sanctuaire\Linux\Rmll03\Web-Rmll-en\pics\slide_36.png --> www.univ-reims.fr /GNOSIE/LSD/Web-Rmll-en/pics slide_36.png
2004.03.01 19:04 B D:\Sanctuaire\Linux\Rmll03\Web-Rmll-en\pics\slide_37.png --> www.univ-reims.fr /GNOSIE/LSD/Web-Rmll-en/pics slide_37.png
2004.03.01 19:04 B D:\Sanctuaire\Linux\Rmll03\Web-Rmll-en\pics\slide_38.png --> www.univ-reims.fr /GNOSIE/LSD/Web-Rmll-en/pics slide_38.png
2004.03.01 19:04 B D:\Sanctuaire\Linux\Rmll03\Web-Rmll-en\pics\slide_39.png --> www.univ-reims.fr /GNOSIE/LSD/Web-Rmll-en/pics slide_39.png
2004.03.01 19:04 B D:\Sanctuaire\Linux\Rmll03\Web-Rmll-en\pics\slide_4.png --> www.univ-reims.fr /GNOSIE/LSD/Web-Rmll-en/pics slide_4.png
2004.03.01 19:04 B D:\Sanctuaire\Linux\Rmll03\Web-Rmll-en\pics\slide_40.png --> www.univ-reims.fr /GNOSIE/LSD/Web-Rmll-en/pics slide_40.png
2004.03.01 19:04 B D:\Sanctuaire\Linux\Rmll03\Web-Rmll-en\pics\slide_41.png --> www.univ-reims.fr /GNOSIE/LSD/Web-Rmll-en/pics slide_41.png
2004.03.01 19:04 B D:\Sanctuaire\Linux\Rmll03\Web-Rmll-en\pics\slide_42.png --> www.univ-reims.fr /GNOSIE/LSD/Web-Rmll-en/pics slide_42.png
2004.03.01 19:04 B D:\Sanctuaire\Linux\Rmll03\Web-Rmll-en\pics\slide_43.png --> www.univ-reims.fr /GNOSIE/LSD/Web-Rmll-en/pics slide_43.png
2004.03.01 19:04 B D:\Sanctuaire\Linux\Rmll03\Web-Rmll-en\pics\slide_44.png --> www.univ-reims.fr /GNOSIE/LSD/Web-Rmll-en/pics slide_44.png
2004.03.01 19:04 B D:\Sanctuaire\Linux\Rmll03\Web-Rmll-en\pics\slide_45.png --> www.univ-reims.fr /GNOSIE/LSD/Web-Rmll-en/pics slide_45.png
2004.03.01 19:04 B D:\Sanctuaire\Linux\Rmll03\Web-Rmll-en\pics\slide_46.png --> www.univ-reims.fr /GNOSIE/LSD/Web-Rmll-en/pics slide_46.png
2004.03.01 19:04 B D:\Sanctuaire\Linux\Rmll03\Web-Rmll-en\pics\slide_47.png --> www.univ-reims.fr /GNOSIE/LSD/Web-Rmll-en/pics slide_47.png
2004.03.01 19:04 B D:\Sanctuaire\Linux\Rmll03\Web-Rmll-en\pics\slide_48.png --> www.univ-reims.fr /GNOSIE/LSD/Web-Rmll-en/pics slide_48.png
2004.03.01 19:04 B D:\Sanctuaire\Linux\Rmll03\Web-Rmll-en\pics\slide_49.png --> www.univ-reims.fr /GNOSIE/LSD/Web-Rmll-en/pics slide_49.png
2004.03.01 19:04 B D:\Sanctuaire\Linux\Rmll03\Web-Rmll-en\pics\slide_5.png --> www.univ-reims.fr /GNOSIE/LSD/Web-Rmll-en/pics slide_5.png
2004.03.01 19:04 B D:\Sanctuaire\Linux\Rmll03\Web-Rmll-en\pics\slide_50.png --> www.univ-reims.fr /GNOSIE/LSD/Web-Rmll-en/pics slide_50.png
2004.03.01 19:04 B D:\Sanctuaire\Linux\Rmll03\Web-Rmll-en\pics\slide_51.png --> www.univ-reims.fr /GNOSIE/LSD/Web-Rmll-en/pics slide_51.png
2004.03.01 19:04 B D:\Sanctuaire\Linux\Rmll03\Web-Rmll-en\pics\slide_52.png --> www.univ-reims.fr /GNOSIE/LSD/Web-Rmll-en/pics slide_52.png
2004.03.01 19:04 B D:\Sanctuaire\Linux\Rmll03\Web-Rmll-en\pics\slide_53.png --> www.univ-reims.fr /GNOSIE/LSD/Web-Rmll-en/pics slide_53.png
2004.03.01 19:04 B D:\Sanctuaire\Linux\Rmll03\Web-Rmll-en\pics\slide_54.png --> www.univ-reims.fr /GNOSIE/LSD/Web-Rmll-en/pics slide_54.png
2004.03.01 19:04 B D:\Sanctuaire\Linux\Rmll03\Web-Rmll-en\pics\slide_55.png --> www.univ-reims.fr /GNOSIE/LSD/Web-Rmll-en/pics slide_55.png
2004.03.01 19:04 B D:\Sanctuaire\Linux\Rmll03\Web-Rmll-en\pics\slide_56.png --> www.univ-reims.fr /GNOSIE/LSD/Web-Rmll-en/pics slide_56.png
2004.03.01 19:04 B D:\Sanctuaire\Linux\Rmll03\Web-Rmll-en\pics\slide_57.png --> www.univ-reims.fr /GNOSIE/LSD/Web-Rmll-en/pics slide_57.png
2004.03.01 19:04 B D:\Sanctuaire\Linux\Rmll03\Web-Rmll-en\pics\slide_58.png --> www.univ-reims.fr /GNOSIE/LSD/Web-Rmll-en/pics slide_58.png
2004.03.01 19:04 B D:\Sanctuaire\Linux\Rmll03\Web-Rmll-en\pics\slide_59.png --> www.univ-reims.fr /GNOSIE/LSD/Web-Rmll-en/pics slide_59.png
2004.03.01 19:04 B D:\Sanctuaire\Linux\Rmll03\Web-Rmll-en\pics\slide_6.png --> www.univ-reims.fr /GNOSIE/LSD/Web-Rmll-en/pics slide_6.png
2004.03.01 19:04 B D:\Sanctuaire\Linux\Rmll03\Web-Rmll-en\pics\slide_60.png --> www.univ-reims.fr /GNOSIE/LSD/Web-Rmll-en/pics slide_60.png
2004.03.01 19:04 B D:\Sanctuaire\Linux\Rmll03\Web-Rmll-en\pics\slide_7.png --> www.univ-reims.fr /GNOSIE/LSD/Web-Rmll-en/pics slide_7.png
2004.03.01 19:04 B D:\Sanctuaire\Linux\Rmll03\Web-Rmll-en\pics\slide_8.png --> www.univ-reims.fr /GNOSIE/LSD/Web-Rmll-en/pics slide_8.png
2004.03.01 19:04 B D:\Sanctuaire\Linux\Rmll03\Web-Rmll-en\pics\slide_9.png --> www.univ-reims.fr /GNOSIE/LSD/Web-Rmll-en/pics slide_9.png
2004.03.01 19:04 B D:\Sanctuaire\Linux\Rmll03\Web-Rmll-en\pics\WS_FTP.LOG --> www.univ-reims.fr /GNOSIE/LSD/Web-Rmll-en/pics WS_FTP.LOG
2004.03.03 19:24 B D:\Sanctuaire\All\LSD\Site\Web-Rmll-en\pics\slide_1.png --> www.univ-reims.fr /GNOSIE/LSD/Web-Rmll-en/pics slide_1.png
2004.03.03 19:24 B D:\Sanctuaire\All\LSD\Site\Web-Rmll-en\pics\slide_10.png --> www.univ-reims.fr /GNOSIE/LSD/Web-Rmll-en/pics slide_10.png
2004.03.03 19:24 B D:\Sanctuaire\All\LSD\Site\Web-Rmll-en\pics\slide_11.png --> www.univ-reims.fr /GNOSIE/LSD/Web-Rmll-en/pics slide_11.png
2004.03.03 19:24 B D:\Sanctuaire\All\LSD\Site\Web-Rmll-en\pics\slide_12.png --> www.univ-reims.fr /GNOSIE/LSD/Web-Rmll-en/pics slide_12.png
2004.03.03 19:24 B D:\Sanctuaire\All\LSD\Site\Web-Rmll-en\pics\slide_13.png --> www.univ-reims.fr /GNOSIE/LSD/Web-Rmll-en/pics slide_13.png
2004.03.03 19:24 B D:\Sanctuaire\All\LSD\Site\Web-Rmll-en\pics\slide_14.png --> www.univ-reims.fr /GNOSIE/LSD/Web-Rmll-en/pics slide_14.png
2004.03.03 19:24 B D:\Sanctuaire\All\LSD\Site\Web-Rmll-en\pics\slide_15.png --> www.univ-reims.fr /GNOSIE/LSD/Web-Rmll-en/pics slide_15.png
2004.03.03 19:24 B D:\Sanctuaire\All\LSD\Site\Web-Rmll-en\pics\slide_16.png --> www.univ-reims.fr /GNOSIE/LSD/Web-Rmll-en/pics slide_16.png
2004.03.03 19:24 B D:\Sanctuaire\All\LSD\Site\Web-Rmll-en\pics\slide_17.png --> www.univ-reims.fr /GNOSIE/LSD/Web-Rmll-en/pics slide_17.png
2004.03.03 19:24 B D:\Sanctuaire\All\LSD\Site\Web-Rmll-en\pics\slide_18.png --> www.univ-reims.fr /GNOSIE/LSD/Web-Rmll-en/pics slide_18.png
2004.03.03 19:24 B D:\Sanctuaire\All\LSD\Site\Web-Rmll-en\pics\slide_19.png --> www.univ-reims.fr /GNOSIE/LSD/Web-Rmll-en/pics slide_19.png
2004.03.03 19:24 B D:\Sanctuaire\All\LSD\Site\Web-Rmll-en\pics\slide_2.png --> www.univ-reims.fr /GNOSIE/LSD/Web-Rmll-en/pics slide_2.png
2004.03.03 19:24 B D:\Sanctuaire\All\LSD\Site\Web-Rmll-en\pics\slide_20.png --> www.univ-reims.fr /GNOSIE/LSD/Web-Rmll-en/pics slide_20.png
2004.03.03 19:24 B D:\Sanctuaire\All\LSD\Site\Web-Rmll-en\pics\slide_21.png --> www.univ-reims.fr /GNOSIE/LSD/Web-Rmll-en/pics slide_21.png
2004.03.03 19:24 B D:\Sanctuaire\All\LSD\Site\Web-Rmll-en\pics\slide_22.png --> www.univ-reims.fr /GNOSIE/LSD/Web-Rmll-en/pics slide_22.png
2004.03.03 19:24 B D:\Sanctuaire\All\LSD\Site\Web-Rmll-en\pics\slide_23.png --> www.univ-reims.fr /GNOSIE/LSD/Web-Rmll-en/pics slide_23.png
2004.03.03 19:24 B D:\Sanctuaire\All\LSD\Site\Web-Rmll-en\pics\slide_24.png --> www.univ-reims.fr /GNOSIE/LSD/Web-Rmll-en/pics slide_24.png
2004.03.03 19:24 B D:\Sanctuaire\All\LSD\Site\Web-Rmll-en\pics\slide_25.png --> www.univ-reims.fr /GNOSIE/LSD/Web-Rmll-en/pics slide_25.png
2004.03.03 19:24 B D:\Sanctuaire\All\LSD\Site\Web-Rmll-en\pics\slide_26.png --> www.univ-reims.fr /GNOSIE/LSD/Web-Rmll-en/pics slide_26.png
2004.03.03 19:24 B D:\Sanctuaire\All\LSD\Site\Web-Rmll-en\pics\slide_27.png --> www.univ-reims.fr /GNOSIE/LSD/Web-Rmll-en/pics slide_27.png
2004.03.03 19:24 B D:\Sanctuaire\All\LSD\Site\Web-Rmll-en\pics\slide_28.png --> www.univ-reims.fr /GNOSIE/LSD/Web-Rmll-en/pics slide_28.png
2004.03.03 19:24 B D:\Sanctuaire\All\LSD\Site\Web-Rmll-en\pics\slide_29.png --> www.univ-reims.fr /GNOSIE/LSD/Web-Rmll-en/pics slide_29.png
2004.03.03 19:24 B D:\Sanctuaire\All\LSD\Site\Web-Rmll-en\pics\slide_3.png --> www.univ-reims.fr /GNOSIE/LSD/Web-Rmll-en/pics slide_3.png
2004.03.03 19:24 B D:\Sanctuaire\All\LSD\Site\Web-Rmll-en\pics\slide_30.png --> www.univ-reims.fr /GNOSIE/LSD/Web-Rmll-en/pics slide_30.png
2004.03.03 19:24 B D:\Sanctuaire\All\LSD\Site\Web-Rmll-en\pics\slide_31.png --> www.univ-reims.fr /GNOSIE/LSD/Web-Rmll-en/pics slide_31.png
2004.03.03 19:24 B D:\Sanctuaire\All\LSD\Site\Web-Rmll-en\pics\slide_32.png --> www.univ-reims.fr /GNOSIE/LSD/Web-Rmll-en/pics slide_32.png
2004.03.03 19:24 B D:\Sanctuaire\All\LSD\Site\Web-Rmll-en\pics\slide_33.png --> www.univ-reims.fr /GNOSIE/LSD/Web-Rmll-en/pics slide_33.png
2004.03.03 19:24 B D:\Sanctuaire\All\LSD\Site\Web-Rmll-en\pics\slide_34.png --> www.univ-reims.fr /GNOSIE/LSD/Web-Rmll-en/pics slide_34.png
2004.03.03 19:24 B D:\Sanctuaire\All\LSD\Site\Web-Rmll-en\pics\slide_35.png --> www.univ-reims.fr /GNOSIE/LSD/Web-Rmll-en/pics slide_35.png
2004.03.03 19:24 B D:\Sanctuaire\All\LSD\Site\Web-Rmll-en\pics\slide_36.png --> www.univ-reims.fr /GNOSIE/LSD/Web-Rmll-en/pics slide_36.png
2004.03.03 19:24 B D:\Sanctuaire\All\LSD\Site\Web-Rmll-en\pics\slide_37.png --> www.univ-reims.fr /GNOSIE/LSD/Web-Rmll-en/pics slide_37.png
2004.03.03 19:24 B D:\Sanctuaire\All\LSD\Site\Web-Rmll-en\pics\slide_38.png --> www.univ-reims.fr /GNOSIE/LSD/Web-Rmll-en/pics slide_38.png
2004.03.03 19:24 B D:\Sanctuaire\All\LSD\Site\Web-Rmll-en\pics\slide_39.png --> www.univ-reims.fr /GNOSIE/LSD/Web-Rmll-en/pics slide_39.png
2004.03.03 19:24 B D:\Sanctuaire\All\LSD\Site\Web-Rmll-en\pics\slide_4.png --> www.univ-reims.fr /GNOSIE/LSD/Web-Rmll-en/pics slide_4.png
2004.03.03 19:24 B D:\Sanctuaire\All\LSD\Site\Web-Rmll-en\pics\slide_40.png --> www.univ-reims.fr /GNOSIE/LSD/Web-Rmll-en/pics slide_40.png
2004.03.03 19:24 B D:\Sanctuaire\All\LSD\Site\Web-Rmll-en\pics\slide_41.png --> www.univ-reims.fr /GNOSIE/LSD/Web-Rmll-en/pics slide_41.png
2004.03.03 19:24 B D:\Sanctuaire\All\LSD\Site\Web-Rmll-en\pics\slide_42.png --> www.univ-reims.fr /GNOSIE/LSD/Web-Rmll-en/pics slide_42.png
2004.03.03 19:24 B D:\Sanctuaire\All\LSD\Site\Web-Rmll-en\pics\slide_43.png --> www.univ-reims.fr /GNOSIE/LSD/Web-Rmll-en/pics slide_43.png
2004.03.03 19:24 B D:\Sanctuaire\All\LSD\Site\Web-Rmll-en\pics\slide_44.png --> www.univ-reims.fr /GNOSIE/LSD/Web-Rmll-en/pics slide_44.png
2004.03.03 19:24 B D:\Sanctuaire\All\LSD\Site\Web-Rmll-en\pics\slide_45.png --> www.univ-reims.fr /GNOSIE/LSD/Web-Rmll-en/pics slide_45.png
2004.03.03 19:24 B D:\Sanctuaire\All\LSD\Site\Web-Rmll-en\pics\slide_46.png --> www.univ-reims.fr /GNOSIE/LSD/Web-Rmll-en/pics slide_46.png
2004.03.03 19:24 B D:\Sanctuaire\All\LSD\Site\Web-Rmll-en\pics\slide_47.png --> www.univ-reims.fr /GNOSIE/LSD/Web-Rmll-en/pics slide_47.png
2004.03.03 19:24 B D:\Sanctuaire\All\LSD\Site\Web-Rmll-en\pics\slide_48.png --> www.univ-reims.fr /GNOSIE/LSD/Web-Rmll-en/pics slide_48.png
2004.03.03 19:24 B D:\Sanctuaire\All\LSD\Site\Web-Rmll-en\pics\slide_49.png --> www.univ-reims.fr /GNOSIE/LSD/Web-Rmll-en/pics slide_49.png
2004.03.03 19:24 B D:\Sanctuaire\All\LSD\Site\Web-Rmll-en\pics\slide_5.png --> www.univ-reims.fr /GNOSIE/LSD/Web-Rmll-en/pics slide_5.png
2004.03.03 19:24 B D:\Sanctuaire\All\LSD\Site\Web-Rmll-en\pics\slide_50.png --> www.univ-reims.fr /GNOSIE/LSD/Web-Rmll-en/pics slide_50.png
2004.03.03 19:24 B D:\Sanctuaire\All\LSD\Site\Web-Rmll-en\pics\slide_51.png --> www.univ-reims.fr /GNOSIE/LSD/Web-Rmll-en/pics slide_51.png
2004.03.03 19:24 B D:\Sanctuaire\All\LSD\Site\Web-Rmll-en\pics\slide_52.png --> www.univ-reims.fr /GNOSIE/LSD/Web-Rmll-en/pics slide_52.png
2004.03.03 19:24 B D:\Sanctuaire\All\LSD\Site\Web-Rmll-en\pics\slide_53.png --> www.univ-reims.fr /GNOSIE/LSD/Web-Rmll-en/pics slide_53.png
2004.03.03 19:24 B D:\Sanctuaire\All\LSD\Site\Web-Rmll-en\pics\slide_54.png --> www.univ-reims.fr /GNOSIE/LSD/Web-Rmll-en/pics slide_54.png
2004.03.03 19:24 B D:\Sanctuaire\All\LSD\Site\Web-Rmll-en\pics\slide_55.png --> www.univ-reims.fr /GNOSIE/LSD/Web-Rmll-en/pics slide_55.png
2004.03.03 19:24 B D:\Sanctuaire\All\LSD\Site\Web-Rmll-en\pics\slide_56.png --> www.univ-reims.fr /GNOSIE/LSD/Web-Rmll-en/pics slide_56.png
2004.03.03 19:24 B D:\Sanctuaire\All\LSD\Site\Web-Rmll-en\pics\slide_57.png --> www.univ-reims.fr /GNOSIE/LSD/Web-Rmll-en/pics slide_57.png
2004.03.03 19:24 B D:\Sanctuaire\All\LSD\Site\Web-Rmll-en\pics\slide_58.png --> www.univ-reims.fr /GNOSIE/LSD/Web-Rmll-en/pics slide_58.png
2004.03.03 19:24 B D:\Sanctuaire\All\LSD\Site\Web-Rmll-en\pics\slide_59.png --> www.univ-reims.fr /GNOSIE/LSD/Web-Rmll-en/pics slide_59.png
2004.03.03 19:24 B D:\Sanctuaire\All\LSD\Site\Web-Rmll-en\pics\slide_6.png --> www.univ-reims.fr /GNOSIE/LSD/Web-Rmll-en/pics slide_6.png
2004.03.03 19:24 B D:\Sanctuaire\All\LSD\Site\Web-Rmll-en\pics\slide_60.png --> www.univ-reims.fr /GNOSIE/LSD/Web-Rmll-en/pics slide_60.png
2004.03.03 19:24 B D:\Sanctuaire\All\LSD\Site\Web-Rmll-en\pics\slide_7.png --> www.univ-reims.fr /GNOSIE/LSD/Web-Rmll-en/pics slide_7.png
2004.03.03 19:24 B D:\Sanctuaire\All\LSD\Site\Web-Rmll-en\pics\slide_8.png --> www.univ-reims.fr /GNOSIE/LSD/Web-Rmll-en/pics slide_8.png
2004.03.03 19:24 B D:\Sanctuaire\All\LSD\Site\Web-Rmll-en\pics\slide_9.png --> www.univ-reims.fr /GNOSIE/LSD/Web-Rmll-en/pics slide_9.png
2004.07.09 17:11 B C:\Documents and Settings\jmn\Mes documents\LSD\Web-Rmll-en\pics\WS_FTP.LOG <-- sitelabo /GNOSIE/LSD/Web-Rmll-en/pics WS_FTP.LOG
2004.07.09 17:15 B C:\Documents and Settings\jmn\Mes documents\LSD\Web-Rmll-en\pics\first.jpeg --> ftp.univ-reims.fr /LSD/Web-Rmll-en/pics first.jpeg
2004.07.09 17:15 B C:\Documents and Settings\jmn\Mes documents\LSD\Web-Rmll-en\pics\first.png --> ftp.univ-reims.fr /LSD/Web-Rmll-en/pics first.png
2004.07.09 17:15 B C:\Documents and Settings\jmn\Mes documents\LSD\Web-Rmll-en\pics\home.jpeg --> ftp.univ-reims.fr /LSD/Web-Rmll-en/pics home.jpeg
2004.07.09 17:15 B C:\Documents and Settings\jmn\Mes documents\LSD\Web-Rmll-en\pics\home.png --> ftp.univ-reims.fr /LSD/Web-Rmll-en/pics home.png
2004.07.09 17:15 B C:\Documents and Settings\jmn\Mes documents\LSD\Web-Rmll-en\pics\last.jpeg --> ftp.univ-reims.fr /LSD/Web-Rmll-en/pics last.jpeg
2004.07.09 17:15 B C:\Documents and Settings\jmn\Mes documents\LSD\Web-Rmll-en\pics\last.png --> ftp.univ-reims.fr /LSD/Web-Rmll-en/pics last.png
2004.07.09 17:15 B C:\Documents and Settings\jmn\Mes documents\LSD\Web-Rmll-en\pics\next.jpeg --> ftp.univ-reims.fr /LSD/Web-Rmll-en/pics next.jpeg
2004.07.09 17:15 B C:\Documents and Settings\jmn\Mes documents\LSD\Web-Rmll-en\pics\next.png --> ftp.univ-reims.fr /LSD/Web-Rmll-en/pics next.png
2004.07.09 17:15 B C:\Documents and Settings\jmn\Mes documents\LSD\Web-Rmll-en\pics\prev.jpeg --> ftp.univ-reims.fr /LSD/Web-Rmll-en/pics prev.jpeg
2004.07.09 17:15 B C:\Documents and Settings\jmn\Mes documents\LSD\Web-Rmll-en\pics\prev.png --> ftp.univ-reims.fr /LSD/Web-Rmll-en/pics prev.png
2004.07.09 17:15 B C:\Documents and Settings\jmn\Mes documents\LSD\Web-Rmll-en\pics\slide_1.jpeg --> ftp.univ-reims.fr /LSD/Web-Rmll-en/pics slide_1.jpeg
2004.07.09 17:15 B C:\Documents and Settings\jmn\Mes documents\LSD\Web-Rmll-en\pics\slide_1.png --> ftp.univ-reims.fr /LSD/Web-Rmll-en/pics slide_1.png
2004.07.09 17:15 B C:\Documents and Settings\jmn\Mes documents\LSD\Web-Rmll-en\pics\slide_10.jpeg --> ftp.univ-reims.fr /LSD/Web-Rmll-en/pics slide_10.jpeg
2004.07.09 17:15 B C:\Documents and Settings\jmn\Mes documents\LSD\Web-Rmll-en\pics\slide_10.png --> ftp.univ-reims.fr /LSD/Web-Rmll-en/pics slide_10.png
2004.07.09 17:15 B C:\Documents and Settings\jmn\Mes documents\LSD\Web-Rmll-en\pics\slide_11.jpeg --> ftp.univ-reims.fr /LSD/Web-Rmll-en/pics slide_11.jpeg
2004.07.09 17:15 B C:\Documents and Settings\jmn\Mes documents\LSD\Web-Rmll-en\pics\slide_11.png --> ftp.univ-reims.fr /LSD/Web-Rmll-en/pics slide_11.png
2004.07.09 17:15 B C:\Documents and Settings\jmn\Mes documents\LSD\Web-Rmll-en\pics\slide_12.jpeg --> ftp.univ-reims.fr /LSD/Web-Rmll-en/pics slide_12.jpeg
2004.07.09 17:15 B C:\Documents and Settings\jmn\Mes documents\LSD\Web-Rmll-en\pics\slide_12.png --> ftp.univ-reims.fr /LSD/Web-Rmll-en/pics slide_12.png
2004.07.09 17:15 B C:\Documents and Settings\jmn\Mes documents\LSD\Web-Rmll-en\pics\slide_13.jpeg --> ftp.univ-reims.fr /LSD/Web-Rmll-en/pics slide_13.jpeg
2004.07.09 17:15 B C:\Documents and Settings\jmn\Mes documents\LSD\Web-Rmll-en\pics\slide_13.png --> ftp.univ-reims.fr /LSD/Web-Rmll-en/pics slide_13.png
2004.07.09 17:15 B C:\Documents and Settings\jmn\Mes documents\LSD\Web-Rmll-en\pics\slide_14.jpeg --> ftp.univ-reims.fr /LSD/Web-Rmll-en/pics slide_14.jpeg
2004.07.09 17:15 B C:\Documents and Settings\jmn\Mes documents\LSD\Web-Rmll-en\pics\slide_14.png --> ftp.univ-reims.fr /LSD/Web-Rmll-en/pics slide_14.png
2004.07.09 17:15 B C:\Documents and Settings\jmn\Mes documents\LSD\Web-Rmll-en\pics\slide_15.jpeg --> ftp.univ-reims.fr /LSD/Web-Rmll-en/pics slide_15.jpeg
2004.07.09 17:15 B C:\Documents and Settings\jmn\Mes documents\LSD\Web-Rmll-en\pics\slide_15.png --> ftp.univ-reims.fr /LSD/Web-Rmll-en/pics slide_15.png
2004.07.09 17:15 B C:\Documents and Settings\jmn\Mes documents\LSD\Web-Rmll-en\pics\slide_16.jpeg --> ftp.univ-reims.fr /LSD/Web-Rmll-en/pics slide_16.jpeg
2004.07.09 17:15 B C:\Documents and Settings\jmn\Mes documents\LSD\Web-Rmll-en\pics\slide_16.png --> ftp.univ-reims.fr /LSD/Web-Rmll-en/pics slide_16.png
2004.07.09 17:15 B C:\Documents and Settings\jmn\Mes documents\LSD\Web-Rmll-en\pics\slide_17.jpeg --> ftp.univ-reims.fr /LSD/Web-Rmll-en/pics slide_17.jpeg
2004.07.09 17:15 B C:\Documents and Settings\jmn\Mes documents\LSD\Web-Rmll-en\pics\slide_17.png --> ftp.univ-reims.fr /LSD/Web-Rmll-en/pics slide_17.png
2004.07.09 17:15 B C:\Documents and Settings\jmn\Mes documents\LSD\Web-Rmll-en\pics\slide_18.jpeg --> ftp.univ-reims.fr /LSD/Web-Rmll-en/pics slide_18.jpeg
2004.07.09 17:15 B C:\Documents and Settings\jmn\Mes documents\LSD\Web-Rmll-en\pics\slide_18.png --> ftp.univ-reims.fr /LSD/Web-Rmll-en/pics slide_18.png
2004.07.09 17:15 B C:\Documents and Settings\jmn\Mes documents\LSD\Web-Rmll-en\pics\slide_19.jpeg --> ftp.univ-reims.fr /LSD/Web-Rmll-en/pics slide_19.jpeg
2004.07.09 17:15 B C:\Documents and Settings\jmn\Mes documents\LSD\Web-Rmll-en\pics\slide_19.png --> ftp.univ-reims.fr /LSD/Web-Rmll-en/pics slide_19.png
2004.07.09 17:15 B C:\Documents and Settings\jmn\Mes documents\LSD\Web-Rmll-en\pics\slide_2.jpeg --> ftp.univ-reims.fr /LSD/Web-Rmll-en/pics slide_2.jpeg
2004.07.09 17:15 B C:\Documents and Settings\jmn\Mes documents\LSD\Web-Rmll-en\pics\slide_2.png --> ftp.univ-reims.fr /LSD/Web-Rmll-en/pics slide_2.png
2004.07.09 17:15 B C:\Documents and Settings\jmn\Mes documents\LSD\Web-Rmll-en\pics\slide_20.jpeg --> ftp.univ-reims.fr /LSD/Web-Rmll-en/pics slide_20.jpeg
2004.07.09 17:15 B C:\Documents and Settings\jmn\Mes documents\LSD\Web-Rmll-en\pics\slide_20.png --> ftp.univ-reims.fr /LSD/Web-Rmll-en/pics slide_20.png
2004.07.09 17:15 B C:\Documents and Settings\jmn\Mes documents\LSD\Web-Rmll-en\pics\slide_21.jpeg --> ftp.univ-reims.fr /LSD/Web-Rmll-en/pics slide_21.jpeg
2004.07.09 17:15 B C:\Documents and Settings\jmn\Mes documents\LSD\Web-Rmll-en\pics\slide_21.png --> ftp.univ-reims.fr /LSD/Web-Rmll-en/pics slide_21.png
2004.07.09 17:15 B C:\Documents and Settings\jmn\Mes documents\LSD\Web-Rmll-en\pics\slide_22.jpeg --> ftp.univ-reims.fr /LSD/Web-Rmll-en/pics slide_22.jpeg
2004.07.09 17:15 B C:\Documents and Settings\jmn\Mes documents\LSD\Web-Rmll-en\pics\slide_22.png --> ftp.univ-reims.fr /LSD/Web-Rmll-en/pics slide_22.png
2004.07.09 17:15 B C:\Documents and Settings\jmn\Mes documents\LSD\Web-Rmll-en\pics\slide_23.jpeg --> ftp.univ-reims.fr /LSD/Web-Rmll-en/pics slide_23.jpeg
2004.07.09 17:15 B C:\Documents and Settings\jmn\Mes documents\LSD\Web-Rmll-en\pics\slide_23.png --> ftp.univ-reims.fr /LSD/Web-Rmll-en/pics slide_23.png
2004.07.09 17:15 B C:\Documents and Settings\jmn\Mes documents\LSD\Web-Rmll-en\pics\slide_24.jpeg --> ftp.univ-reims.fr /LSD/Web-Rmll-en/pics slide_24.jpeg
2004.07.09 17:15 B C:\Documents and Settings\jmn\Mes documents\LSD\Web-Rmll-en\pics\slide_24.png --> ftp.univ-reims.fr /LSD/Web-Rmll-en/pics slide_24.png
2004.07.09 17:15 B C:\Documents and Settings\jmn\Mes documents\LSD\Web-Rmll-en\pics\slide_25.jpeg --> ftp.univ-reims.fr /LSD/Web-Rmll-en/pics slide_25.jpeg
2004.07.09 17:15 B C:\Documents and Settings\jmn\Mes documents\LSD\Web-Rmll-en\pics\slide_25.png --> ftp.univ-reims.fr /LSD/Web-Rmll-en/pics slide_25.png
2004.07.09 17:15 B C:\Documents and Settings\jmn\Mes documents\LSD\Web-Rmll-en\pics\slide_26.jpeg --> ftp.univ-reims.fr /LSD/Web-Rmll-en/pics slide_26.jpeg
2004.07.09 17:15 B C:\Documents and Settings\jmn\Mes documents\LSD\Web-Rmll-en\pics\slide_26.png --> ftp.univ-reims.fr /LSD/Web-Rmll-en/pics slide_26.png
2004.07.09 17:15 B C:\Documents and Settings\jmn\Mes documents\LSD\Web-Rmll-en\pics\slide_27.jpeg --> ftp.univ-reims.fr /LSD/Web-Rmll-en/pics slide_27.jpeg
2004.07.09 17:15 B C:\Documents and Settings\jmn\Mes documents\LSD\Web-Rmll-en\pics\slide_27.png --> ftp.univ-reims.fr /LSD/Web-Rmll-en/pics slide_27.png
2004.07.09 17:15 B C:\Documents and Settings\jmn\Mes documents\LSD\Web-Rmll-en\pics\slide_28.jpeg --> ftp.univ-reims.fr /LSD/Web-Rmll-en/pics slide_28.jpeg
2004.07.09 17:15 B C:\Documents and Settings\jmn\Mes documents\LSD\Web-Rmll-en\pics\slide_28.png --> ftp.univ-reims.fr /LSD/Web-Rmll-en/pics slide_28.png
2004.07.09 17:15 B C:\Documents and Settings\jmn\Mes documents\LSD\Web-Rmll-en\pics\slide_29.jpeg --> ftp.univ-reims.fr /LSD/Web-Rmll-en/pics slide_29.jpeg
2004.07.09 17:15 B C:\Documents and Settings\jmn\Mes documents\LSD\Web-Rmll-en\pics\slide_29.png --> ftp.univ-reims.fr /LSD/Web-Rmll-en/pics slide_29.png
2004.07.09 17:15 B C:\Documents and Settings\jmn\Mes documents\LSD\Web-Rmll-en\pics\slide_3.jpeg --> ftp.univ-reims.fr /LSD/Web-Rmll-en/pics slide_3.jpeg
2004.07.09 17:15 B C:\Documents and Settings\jmn\Mes documents\LSD\Web-Rmll-en\pics\slide_3.png --> ftp.univ-reims.fr /LSD/Web-Rmll-en/pics slide_3.png
2004.07.09 17:15 B C:\Documents and Settings\jmn\Mes documents\LSD\Web-Rmll-en\pics\slide_30.jpeg --> ftp.univ-reims.fr /LSD/Web-Rmll-en/pics slide_30.jpeg
2004.07.09 17:15 B C:\Documents and Settings\jmn\Mes documents\LSD\Web-Rmll-en\pics\slide_30.png --> ftp.univ-reims.fr /LSD/Web-Rmll-en/pics slide_30.png
2004.07.09 17:15 B C:\Documents and Settings\jmn\Mes documents\LSD\Web-Rmll-en\pics\slide_31.jpeg --> ftp.univ-reims.fr /LSD/Web-Rmll-en/pics slide_31.jpeg
2004.07.09 17:15 B C:\Documents and Settings\jmn\Mes documents\LSD\Web-Rmll-en\pics\slide_31.png --> ftp.univ-reims.fr /LSD/Web-Rmll-en/pics slide_31.png
2004.07.09 17:15 B C:\Documents and Settings\jmn\Mes documents\LSD\Web-Rmll-en\pics\slide_32.jpeg --> ftp.univ-reims.fr /LSD/Web-Rmll-en/pics slide_32.jpeg
2004.07.09 17:15 B C:\Documents and Settings\jmn\Mes documents\LSD\Web-Rmll-en\pics\slide_32.png --> ftp.univ-reims.fr /LSD/Web-Rmll-en/pics slide_32.png
2004.07.09 17:15 B C:\Documents and Settings\jmn\Mes documents\LSD\Web-Rmll-en\pics\slide_33.jpeg --> ftp.univ-reims.fr /LSD/Web-Rmll-en/pics slide_33.jpeg
2004.07.09 17:15 B C:\Documents and Settings\jmn\Mes documents\LSD\Web-Rmll-en\pics\slide_33.png --> ftp.univ-reims.fr /LSD/Web-Rmll-en/pics slide_33.png
2004.07.09 17:15 B C:\Documents and Settings\jmn\Mes documents\LSD\Web-Rmll-en\pics\slide_34.jpeg --> ftp.univ-reims.fr /LSD/Web-Rmll-en/pics slide_34.jpeg
2004.07.09 17:15 B C:\Documents and Settings\jmn\Mes documents\LSD\Web-Rmll-en\pics\slide_34.png --> ftp.univ-reims.fr /LSD/Web-Rmll-en/pics slide_34.png
2004.07.09 17:15 B C:\Documents and Settings\jmn\Mes documents\LSD\Web-Rmll-en\pics\slide_35.jpeg --> ftp.univ-reims.fr /LSD/Web-Rmll-en/pics slide_35.jpeg
2004.07.09 17:15 B C:\Documents and Settings\jmn\Mes documents\LSD\Web-Rmll-en\pics\slide_35.png --> ftp.univ-reims.fr /LSD/Web-Rmll-en/pics slide_35.png
2004.07.09 17:15 B C:\Documents and Settings\jmn\Mes documents\LSD\Web-Rmll-en\pics\slide_36.jpeg --> ftp.univ-reims.fr /LSD/Web-Rmll-en/pics slide_36.jpeg
2004.07.09 17:15 B C:\Documents and Settings\jmn\Mes documents\LSD\Web-Rmll-en\pics\slide_36.png --> ftp.univ-reims.fr /LSD/Web-Rmll-en/pics slide_36.png
2004.07.09 17:15 B C:\Documents and Settings\jmn\Mes documents\LSD\Web-Rmll-en\pics\slide_37.jpeg --> ftp.univ-reims.fr /LSD/Web-Rmll-en/pics slide_37.jpeg
2004.07.09 17:15 B C:\Documents and Settings\jmn\Mes documents\LSD\Web-Rmll-en\pics\slide_37.png --> ftp.univ-reims.fr /LSD/Web-Rmll-en/pics slide_37.png
2004.07.09 17:15 B C:\Documents and Settings\jmn\Mes documents\LSD\Web-Rmll-en\pics\slide_38.jpeg --> ftp.univ-reims.fr /LSD/Web-Rmll-en/pics slide_38.jpeg
2004.07.09 17:15 B C:\Documents and Settings\jmn\Mes documents\LSD\Web-Rmll-en\pics\slide_38.png --> ftp.univ-reims.fr /LSD/Web-Rmll-en/pics slide_38.png
2004.07.09 17:15 B C:\Documents and Settings\jmn\Mes documents\LSD\Web-Rmll-en\pics\slide_39.jpeg --> ftp.univ-reims.fr /LSD/Web-Rmll-en/pics slide_39.jpeg
2004.07.09 17:15 B C:\Documents and Settings\jmn\Mes documents\LSD\Web-Rmll-en\pics\slide_39.png --> ftp.univ-reims.fr /LSD/Web-Rmll-en/pics slide_39.png
2004.07.09 17:15 B C:\Documents and Settings\jmn\Mes documents\LSD\Web-Rmll-en\pics\slide_4.jpeg --> ftp.univ-reims.fr /LSD/Web-Rmll-en/pics slide_4.jpeg
2004.07.09 17:15 B C:\Documents and Settings\jmn\Mes documents\LSD\Web-Rmll-en\pics\slide_4.png --> ftp.univ-reims.fr /LSD/Web-Rmll-en/pics slide_4.png
2004.07.09 17:15 B C:\Documents and Settings\jmn\Mes documents\LSD\Web-Rmll-en\pics\slide_40.jpeg --> ftp.univ-reims.fr /LSD/Web-Rmll-en/pics slide_40.jpeg
2004.07.09 17:15 B C:\Documents and Settings\jmn\Mes documents\LSD\Web-Rmll-en\pics\slide_40.png --> ftp.univ-reims.fr /LSD/Web-Rmll-en/pics slide_40.png
2004.07.09 17:15 B C:\Documents and Settings\jmn\Mes documents\LSD\Web-Rmll-en\pics\slide_41.jpeg --> ftp.univ-reims.fr /LSD/Web-Rmll-en/pics slide_41.jpeg
2004.07.09 17:15 B C:\Documents and Settings\jmn\Mes documents\LSD\Web-Rmll-en\pics\slide_41.png --> ftp.univ-reims.fr /LSD/Web-Rmll-en/pics slide_41.png
2004.07.09 17:15 B C:\Documents and Settings\jmn\Mes documents\LSD\Web-Rmll-en\pics\slide_42.jpeg --> ftp.univ-reims.fr /LSD/Web-Rmll-en/pics slide_42.jpeg
2004.07.09 17:15 B C:\Documents and Settings\jmn\Mes documents\LSD\Web-Rmll-en\pics\slide_42.png --> ftp.univ-reims.fr /LSD/Web-Rmll-en/pics slide_42.png
2004.07.09 17:15 B C:\Documents and Settings\jmn\Mes documents\LSD\Web-Rmll-en\pics\slide_43.jpeg --> ftp.univ-reims.fr /LSD/Web-Rmll-en/pics slide_43.jpeg
2004.07.09 17:15 B C:\Documents and Settings\jmn\Mes documents\LSD\Web-Rmll-en\pics\slide_43.png --> ftp.univ-reims.fr /LSD/Web-Rmll-en/pics slide_43.png
2004.07.09 17:15 B C:\Documents and Settings\jmn\Mes documents\LSD\Web-Rmll-en\pics\slide_44.jpeg --> ftp.univ-reims.fr /LSD/Web-Rmll-en/pics slide_44.jpeg
2004.07.09 17:15 B C:\Documents and Settings\jmn\Mes documents\LSD\Web-Rmll-en\pics\slide_44.png --> ftp.univ-reims.fr /LSD/Web-Rmll-en/pics slide_44.png
2004.07.09 17:15 B C:\Documents and Settings\jmn\Mes documents\LSD\Web-Rmll-en\pics\slide_45.jpeg --> ftp.univ-reims.fr /LSD/Web-Rmll-en/pics slide_45.jpeg
2004.07.09 17:15 B C:\Documents and Settings\jmn\Mes documents\LSD\Web-Rmll-en\pics\slide_45.png --> ftp.univ-reims.fr /LSD/Web-Rmll-en/pics slide_45.png
2004.07.09 17:15 B C:\Documents and Settings\jmn\Mes documents\LSD\Web-Rmll-en\pics\slide_46.jpeg --> ftp.univ-reims.fr /LSD/Web-Rmll-en/pics slide_46.jpeg
2004.07.09 17:15 B C:\Documents and Settings\jmn\Mes documents\LSD\Web-Rmll-en\pics\slide_46.png --> ftp.univ-reims.fr /LSD/Web-Rmll-en/pics slide_46.png
2004.07.09 17:15 B C:\Documents and Settings\jmn\Mes documents\LSD\Web-Rmll-en\pics\slide_47.jpeg --> ftp.univ-reims.fr /LSD/Web-Rmll-en/pics slide_47.jpeg
2004.07.09 17:15 B C:\Documents and Settings\jmn\Mes documents\LSD\Web-Rmll-en\pics\slide_47.png --> ftp.univ-reims.fr /LSD/Web-Rmll-en/pics slide_47.png
2004.07.09 17:15 B C:\Documents and Settings\jmn\Mes documents\LSD\Web-Rmll-en\pics\slide_48.jpeg --> ftp.univ-reims.fr /LSD/Web-Rmll-en/pics slide_48.jpeg
2004.07.09 17:15 B C:\Documents and Settings\jmn\Mes documents\LSD\Web-Rmll-en\pics\slide_48.png --> ftp.univ-reims.fr /LSD/Web-Rmll-en/pics slide_48.png
2004.07.09 17:15 B C:\Documents and Settings\jmn\Mes documents\LSD\Web-Rmll-en\pics\slide_49.jpeg --> ftp.univ-reims.fr /LSD/Web-Rmll-en/pics slide_49.jpeg
2004.07.09 17:15 B C:\Documents and Settings\jmn\Mes documents\LSD\Web-Rmll-en\pics\slide_49.png --> ftp.univ-reims.fr /LSD/Web-Rmll-en/pics slide_49.png
2004.07.09 17:15 B C:\Documents and Settings\jmn\Mes documents\LSD\Web-Rmll-en\pics\slide_5.jpeg --> ftp.univ-reims.fr /LSD/Web-Rmll-en/pics slide_5.jpeg
2004.07.09 17:15 B C:\Documents and Settings\jmn\Mes documents\LSD\Web-Rmll-en\pics\slide_5.png --> ftp.univ-reims.fr /LSD/Web-Rmll-en/pics slide_5.png
2004.07.09 17:15 B C:\Documents and Settings\jmn\Mes documents\LSD\Web-Rmll-en\pics\slide_50.jpeg --> ftp.univ-reims.fr /LSD/Web-Rmll-en/pics slide_50.jpeg
2004.07.09 17:15 B C:\Documents and Settings\jmn\Mes documents\LSD\Web-Rmll-en\pics\slide_50.png --> ftp.univ-reims.fr /LSD/Web-Rmll-en/pics slide_50.png
2004.07.09 17:15 B C:\Documents and Settings\jmn\Mes documents\LSD\Web-Rmll-en\pics\slide_51.jpeg --> ftp.univ-reims.fr /LSD/Web-Rmll-en/pics slide_51.jpeg
2004.07.09 17:15 B C:\Documents and Settings\jmn\Mes documents\LSD\Web-Rmll-en\pics\slide_51.png --> ftp.univ-reims.fr /LSD/Web-Rmll-en/pics slide_51.png
2004.07.09 17:15 B C:\Documents and Settings\jmn\Mes documents\LSD\Web-Rmll-en\pics\slide_52.jpeg --> ftp.univ-reims.fr /LSD/Web-Rmll-en/pics slide_52.jpeg
2004.07.09 17:15 B C:\Documents and Settings\jmn\Mes documents\LSD\Web-Rmll-en\pics\slide_52.png --> ftp.univ-reims.fr /LSD/Web-Rmll-en/pics slide_52.png
2004.07.09 17:15 B C:\Documents and Settings\jmn\Mes documents\LSD\Web-Rmll-en\pics\slide_53.jpeg --> ftp.univ-reims.fr /LSD/Web-Rmll-en/pics slide_53.jpeg
2004.07.09 17:15 B C:\Documents and Settings\jmn\Mes documents\LSD\Web-Rmll-en\pics\slide_53.png --> ftp.univ-reims.fr /LSD/Web-Rmll-en/pics slide_53.png
2004.07.09 17:15 B C:\Documents and Settings\jmn\Mes documents\LSD\Web-Rmll-en\pics\slide_54.jpeg --> ftp.univ-reims.fr /LSD/Web-Rmll-en/pics slide_54.jpeg
2004.07.09 17:15 B C:\Documents and Settings\jmn\Mes documents\LSD\Web-Rmll-en\pics\slide_54.png --> ftp.univ-reims.fr /LSD/Web-Rmll-en/pics slide_54.png
2004.07.09 17:15 B C:\Documents and Settings\jmn\Mes documents\LSD\Web-Rmll-en\pics\slide_55.jpeg --> ftp.univ-reims.fr /LSD/Web-Rmll-en/pics slide_55.jpeg
2004.07.09 17:15 B C:\Documents and Settings\jmn\Mes documents\LSD\Web-Rmll-en\pics\slide_55.png --> ftp.univ-reims.fr /LSD/Web-Rmll-en/pics slide_55.png
2004.07.09 17:15 B C:\Documents and Settings\jmn\Mes documents\LSD\Web-Rmll-en\pics\slide_56.jpeg --> ftp.univ-reims.fr /LSD/Web-Rmll-en/pics slide_56.jpeg
2004.07.09 17:15 B C:\Documents and Settings\jmn\Mes documents\LSD\Web-Rmll-en\pics\slide_56.png --> ftp.univ-reims.fr /LSD/Web-Rmll-en/pics slide_56.png
2004.07.09 17:15 B C:\Documents and Settings\jmn\Mes documents\LSD\Web-Rmll-en\pics\slide_57.jpeg --> ftp.univ-reims.fr /LSD/Web-Rmll-en/pics slide_57.jpeg
2004.07.09 17:15 B C:\Documents and Settings\jmn\Mes documents\LSD\Web-Rmll-en\pics\slide_57.png --> ftp.univ-reims.fr /LSD/Web-Rmll-en/pics slide_57.png
2004.07.09 17:15 B C:\Documents and Settings\jmn\Mes documents\LSD\Web-Rmll-en\pics\slide_58.jpeg --> ftp.univ-reims.fr /LSD/Web-Rmll-en/pics slide_58.jpeg
2004.07.09 17:15 B C:\Documents and Settings\jmn\Mes documents\LSD\Web-Rmll-en\pics\slide_58.png --> ftp.univ-reims.fr /LSD/Web-Rmll-en/pics slide_58.png
2004.07.09 17:15 B C:\Documents and Settings\jmn\Mes documents\LSD\Web-Rmll-en\pics\slide_59.jpeg --> ftp.univ-reims.fr /LSD/Web-Rmll-en/pics slide_59.jpeg
2004.07.09 17:15 B C:\Documents and Settings\jmn\Mes documents\LSD\Web-Rmll-en\pics\slide_59.png --> ftp.univ-reims.fr /LSD/Web-Rmll-en/pics slide_59.png
2004.07.09 17:15 B C:\Documents and Settings\jmn\Mes documents\LSD\Web-Rmll-en\pics\slide_6.jpeg --> ftp.univ-reims.fr /LSD/Web-Rmll-en/pics slide_6.jpeg
2004.07.09 17:15 B C:\Documents and Settings\jmn\Mes documents\LSD\Web-Rmll-en\pics\slide_6.png --> ftp.univ-reims.fr /LSD/Web-Rmll-en/pics slide_6.png
2004.07.09 17:15 B C:\Documents and Settings\jmn\Mes documents\LSD\Web-Rmll-en\pics\slide_60.jpeg --> ftp.univ-reims.fr /LSD/Web-Rmll-en/pics slide_60.jpeg
2004.07.09 17:15 B C:\Documents and Settings\jmn\Mes documents\LSD\Web-Rmll-en\pics\slide_60.png --> ftp.univ-reims.fr /LSD/Web-Rmll-en/pics slide_60.png
2004.07.09 17:15 B C:\Documents and Settings\jmn\Mes documents\LSD\Web-Rmll-en\pics\slide_7.jpeg --> ftp.univ-reims.fr /LSD/Web-Rmll-en/pics slide_7.jpeg
2004.07.09 17:15 B C:\Documents and Settings\jmn\Mes documents\LSD\Web-Rmll-en\pics\slide_7.png --> ftp.univ-reims.fr /LSD/Web-Rmll-en/pics slide_7.png
2004.07.09 17:15 B C:\Documents and Settings\jmn\Mes documents\LSD\Web-Rmll-en\pics\slide_8.jpeg --> ftp.univ-reims.fr /LSD/Web-Rmll-en/pics slide_8.jpeg
2004.07.09 17:15 B C:\Documents and Settings\jmn\Mes documents\LSD\Web-Rmll-en\pics\slide_8.png --> ftp.univ-reims.fr /LSD/Web-Rmll-en/pics slide_8.png
2004.07.09 17:15 B C:\Documents and Settings\jmn\Mes documents\LSD\Web-Rmll-en\pics\slide_9.jpeg --> ftp.univ-reims.fr /LSD/Web-Rmll-en/pics slide_9.jpeg
2004.07.09 17:15 B C:\Documents and Settings\jmn\Mes documents\LSD\Web-Rmll-en\pics\slide_9.png --> ftp.univ-reims.fr /LSD/Web-Rmll-en/pics slide_9.png
