2004.03.01 11:32 B D:\Sanctuaire\Linux\Rmll03\Web-Rmll-fr\html\slide_1.html --> www.univ-reims.fr /GNOSIE/LSD/Web-Rmll-fr/html slide_1.html
2004.03.01 11:32 B D:\Sanctuaire\Linux\Rmll03\Web-Rmll-fr\html\slide_10.html --> www.univ-reims.fr /GNOSIE/LSD/Web-Rmll-fr/html slide_10.html
2004.03.01 11:32 B D:\Sanctuaire\Linux\Rmll03\Web-Rmll-fr\html\slide_11.html --> www.univ-reims.fr /GNOSIE/LSD/Web-Rmll-fr/html slide_11.html
2004.03.01 11:32 B D:\Sanctuaire\Linux\Rmll03\Web-Rmll-fr\html\slide_12.html --> www.univ-reims.fr /GNOSIE/LSD/Web-Rmll-fr/html slide_12.html
2004.03.01 11:32 B D:\Sanctuaire\Linux\Rmll03\Web-Rmll-fr\html\slide_13.html --> www.univ-reims.fr /GNOSIE/LSD/Web-Rmll-fr/html slide_13.html
2004.03.01 11:32 B D:\Sanctuaire\Linux\Rmll03\Web-Rmll-fr\html\slide_14.html --> www.univ-reims.fr /GNOSIE/LSD/Web-Rmll-fr/html slide_14.html
2004.03.01 11:32 B D:\Sanctuaire\Linux\Rmll03\Web-Rmll-fr\html\slide_15.html --> www.univ-reims.fr /GNOSIE/LSD/Web-Rmll-fr/html slide_15.html
2004.03.01 11:32 B D:\Sanctuaire\Linux\Rmll03\Web-Rmll-fr\html\slide_16.html --> www.univ-reims.fr /GNOSIE/LSD/Web-Rmll-fr/html slide_16.html
2004.03.01 11:32 B D:\Sanctuaire\Linux\Rmll03\Web-Rmll-fr\html\slide_17.html --> www.univ-reims.fr /GNOSIE/LSD/Web-Rmll-fr/html slide_17.html
2004.03.01 11:32 B D:\Sanctuaire\Linux\Rmll03\Web-Rmll-fr\html\slide_18.html --> www.univ-reims.fr /GNOSIE/LSD/Web-Rmll-fr/html slide_18.html
2004.03.01 11:32 B D:\Sanctuaire\Linux\Rmll03\Web-Rmll-fr\html\slide_19.html --> www.univ-reims.fr /GNOSIE/LSD/Web-Rmll-fr/html slide_19.html
2004.03.01 11:32 B D:\Sanctuaire\Linux\Rmll03\Web-Rmll-fr\html\slide_2.html --> www.univ-reims.fr /GNOSIE/LSD/Web-Rmll-fr/html slide_2.html
2004.03.01 11:32 B D:\Sanctuaire\Linux\Rmll03\Web-Rmll-fr\html\slide_20.html --> www.univ-reims.fr /GNOSIE/LSD/Web-Rmll-fr/html slide_20.html
2004.03.01 11:32 B D:\Sanctuaire\Linux\Rmll03\Web-Rmll-fr\html\slide_21.html --> www.univ-reims.fr /GNOSIE/LSD/Web-Rmll-fr/html slide_21.html
2004.03.01 11:32 B D:\Sanctuaire\Linux\Rmll03\Web-Rmll-fr\html\slide_22.html --> www.univ-reims.fr /GNOSIE/LSD/Web-Rmll-fr/html slide_22.html
2004.03.01 11:32 B D:\Sanctuaire\Linux\Rmll03\Web-Rmll-fr\html\slide_23.html --> www.univ-reims.fr /GNOSIE/LSD/Web-Rmll-fr/html slide_23.html
2004.03.01 11:32 B D:\Sanctuaire\Linux\Rmll03\Web-Rmll-fr\html\slide_24.html --> www.univ-reims.fr /GNOSIE/LSD/Web-Rmll-fr/html slide_24.html
2004.03.01 11:32 B D:\Sanctuaire\Linux\Rmll03\Web-Rmll-fr\html\slide_25.html --> www.univ-reims.fr /GNOSIE/LSD/Web-Rmll-fr/html slide_25.html
2004.03.01 11:32 B D:\Sanctuaire\Linux\Rmll03\Web-Rmll-fr\html\slide_26.html --> www.univ-reims.fr /GNOSIE/LSD/Web-Rmll-fr/html slide_26.html
2004.03.01 11:32 B D:\Sanctuaire\Linux\Rmll03\Web-Rmll-fr\html\slide_27.html --> www.univ-reims.fr /GNOSIE/LSD/Web-Rmll-fr/html slide_27.html
2004.03.01 11:32 B D:\Sanctuaire\Linux\Rmll03\Web-Rmll-fr\html\slide_28.html --> www.univ-reims.fr /GNOSIE/LSD/Web-Rmll-fr/html slide_28.html
2004.03.01 11:32 B D:\Sanctuaire\Linux\Rmll03\Web-Rmll-fr\html\slide_29.html --> www.univ-reims.fr /GNOSIE/LSD/Web-Rmll-fr/html slide_29.html
2004.03.01 11:32 B D:\Sanctuaire\Linux\Rmll03\Web-Rmll-fr\html\slide_3.html --> www.univ-reims.fr /GNOSIE/LSD/Web-Rmll-fr/html slide_3.html
2004.03.01 11:32 B D:\Sanctuaire\Linux\Rmll03\Web-Rmll-fr\html\slide_30.html --> www.univ-reims.fr /GNOSIE/LSD/Web-Rmll-fr/html slide_30.html
2004.03.01 11:32 B D:\Sanctuaire\Linux\Rmll03\Web-Rmll-fr\html\slide_31.html --> www.univ-reims.fr /GNOSIE/LSD/Web-Rmll-fr/html slide_31.html
2004.03.01 11:32 B D:\Sanctuaire\Linux\Rmll03\Web-Rmll-fr\html\slide_32.html --> www.univ-reims.fr /GNOSIE/LSD/Web-Rmll-fr/html slide_32.html
2004.03.01 11:32 B D:\Sanctuaire\Linux\Rmll03\Web-Rmll-fr\html\slide_33.html --> www.univ-reims.fr /GNOSIE/LSD/Web-Rmll-fr/html slide_33.html
2004.03.01 11:32 B D:\Sanctuaire\Linux\Rmll03\Web-Rmll-fr\html\slide_34.html --> www.univ-reims.fr /GNOSIE/LSD/Web-Rmll-fr/html slide_34.html
2004.03.01 11:32 B D:\Sanctuaire\Linux\Rmll03\Web-Rmll-fr\html\slide_35.html --> www.univ-reims.fr /GNOSIE/LSD/Web-Rmll-fr/html slide_35.html
2004.03.01 11:32 B D:\Sanctuaire\Linux\Rmll03\Web-Rmll-fr\html\slide_36.html --> www.univ-reims.fr /GNOSIE/LSD/Web-Rmll-fr/html slide_36.html
2004.03.01 11:32 B D:\Sanctuaire\Linux\Rmll03\Web-Rmll-fr\html\slide_37.html --> www.univ-reims.fr /GNOSIE/LSD/Web-Rmll-fr/html slide_37.html
2004.03.01 11:32 B D:\Sanctuaire\Linux\Rmll03\Web-Rmll-fr\html\slide_38.html --> www.univ-reims.fr /GNOSIE/LSD/Web-Rmll-fr/html slide_38.html
2004.03.01 11:32 B D:\Sanctuaire\Linux\Rmll03\Web-Rmll-fr\html\slide_39.html --> www.univ-reims.fr /GNOSIE/LSD/Web-Rmll-fr/html slide_39.html
2004.03.01 11:32 B D:\Sanctuaire\Linux\Rmll03\Web-Rmll-fr\html\slide_4.html --> www.univ-reims.fr /GNOSIE/LSD/Web-Rmll-fr/html slide_4.html
2004.03.01 11:32 B D:\Sanctuaire\Linux\Rmll03\Web-Rmll-fr\html\slide_40.html --> www.univ-reims.fr /GNOSIE/LSD/Web-Rmll-fr/html slide_40.html
2004.03.01 11:32 B D:\Sanctuaire\Linux\Rmll03\Web-Rmll-fr\html\slide_41.html --> www.univ-reims.fr /GNOSIE/LSD/Web-Rmll-fr/html slide_41.html
2004.03.01 11:32 B D:\Sanctuaire\Linux\Rmll03\Web-Rmll-fr\html\slide_42.html --> www.univ-reims.fr /GNOSIE/LSD/Web-Rmll-fr/html slide_42.html
2004.03.01 11:32 B D:\Sanctuaire\Linux\Rmll03\Web-Rmll-fr\html\slide_43.html --> www.univ-reims.fr /GNOSIE/LSD/Web-Rmll-fr/html slide_43.html
2004.03.01 11:32 B D:\Sanctuaire\Linux\Rmll03\Web-Rmll-fr\html\slide_44.html --> www.univ-reims.fr /GNOSIE/LSD/Web-Rmll-fr/html slide_44.html
2004.03.01 11:32 B D:\Sanctuaire\Linux\Rmll03\Web-Rmll-fr\html\slide_45.html --> www.univ-reims.fr /GNOSIE/LSD/Web-Rmll-fr/html slide_45.html
2004.03.01 11:32 B D:\Sanctuaire\Linux\Rmll03\Web-Rmll-fr\html\slide_46.html --> www.univ-reims.fr /GNOSIE/LSD/Web-Rmll-fr/html slide_46.html
2004.03.01 11:32 B D:\Sanctuaire\Linux\Rmll03\Web-Rmll-fr\html\slide_47.html --> www.univ-reims.fr /GNOSIE/LSD/Web-Rmll-fr/html slide_47.html
2004.03.01 11:32 B D:\Sanctuaire\Linux\Rmll03\Web-Rmll-fr\html\slide_48.html --> www.univ-reims.fr /GNOSIE/LSD/Web-Rmll-fr/html slide_48.html
2004.03.01 11:32 B D:\Sanctuaire\Linux\Rmll03\Web-Rmll-fr\html\slide_49.html --> www.univ-reims.fr /GNOSIE/LSD/Web-Rmll-fr/html slide_49.html
2004.03.01 11:32 B D:\Sanctuaire\Linux\Rmll03\Web-Rmll-fr\html\slide_5.html --> www.univ-reims.fr /GNOSIE/LSD/Web-Rmll-fr/html slide_5.html
2004.03.01 11:32 B D:\Sanctuaire\Linux\Rmll03\Web-Rmll-fr\html\slide_50.html --> www.univ-reims.fr /GNOSIE/LSD/Web-Rmll-fr/html slide_50.html
2004.03.01 11:32 B D:\Sanctuaire\Linux\Rmll03\Web-Rmll-fr\html\slide_51.html --> www.univ-reims.fr /GNOSIE/LSD/Web-Rmll-fr/html slide_51.html
2004.03.01 11:32 B D:\Sanctuaire\Linux\Rmll03\Web-Rmll-fr\html\slide_52.html --> www.univ-reims.fr /GNOSIE/LSD/Web-Rmll-fr/html slide_52.html
2004.03.01 11:32 B D:\Sanctuaire\Linux\Rmll03\Web-Rmll-fr\html\slide_53.html --> www.univ-reims.fr /GNOSIE/LSD/Web-Rmll-fr/html slide_53.html
2004.03.01 11:32 B D:\Sanctuaire\Linux\Rmll03\Web-Rmll-fr\html\slide_54.html --> www.univ-reims.fr /GNOSIE/LSD/Web-Rmll-fr/html slide_54.html
2004.03.01 11:32 B D:\Sanctuaire\Linux\Rmll03\Web-Rmll-fr\html\slide_55.html --> www.univ-reims.fr /GNOSIE/LSD/Web-Rmll-fr/html slide_55.html
2004.03.01 11:32 B D:\Sanctuaire\Linux\Rmll03\Web-Rmll-fr\html\slide_56.html --> www.univ-reims.fr /GNOSIE/LSD/Web-Rmll-fr/html slide_56.html
2004.03.01 11:32 B D:\Sanctuaire\Linux\Rmll03\Web-Rmll-fr\html\slide_57.html --> www.univ-reims.fr /GNOSIE/LSD/Web-Rmll-fr/html slide_57.html
2004.03.01 11:32 B D:\Sanctuaire\Linux\Rmll03\Web-Rmll-fr\html\slide_58.html --> www.univ-reims.fr /GNOSIE/LSD/Web-Rmll-fr/html slide_58.html
2004.03.01 11:32 B D:\Sanctuaire\Linux\Rmll03\Web-Rmll-fr\html\slide_59.html --> www.univ-reims.fr /GNOSIE/LSD/Web-Rmll-fr/html slide_59.html
2004.03.01 11:32 B D:\Sanctuaire\Linux\Rmll03\Web-Rmll-fr\html\slide_6.html --> www.univ-reims.fr /GNOSIE/LSD/Web-Rmll-fr/html slide_6.html
2004.03.01 11:32 B D:\Sanctuaire\Linux\Rmll03\Web-Rmll-fr\html\slide_60.html --> www.univ-reims.fr /GNOSIE/LSD/Web-Rmll-fr/html slide_60.html
2004.03.01 11:32 B D:\Sanctuaire\Linux\Rmll03\Web-Rmll-fr\html\slide_7.html --> www.univ-reims.fr /GNOSIE/LSD/Web-Rmll-fr/html slide_7.html
2004.03.01 11:32 B D:\Sanctuaire\Linux\Rmll03\Web-Rmll-fr\html\slide_8.html --> www.univ-reims.fr /GNOSIE/LSD/Web-Rmll-fr/html slide_8.html
2004.03.01 11:32 B D:\Sanctuaire\Linux\Rmll03\Web-Rmll-fr\html\slide_9.html --> www.univ-reims.fr /GNOSIE/LSD/Web-Rmll-fr/html slide_9.html
2004.03.01 19:04 B D:\Sanctuaire\Linux\Rmll03\Web-Rmll-fr\html\slide_1.html --> www.univ-reims.fr /GNOSIE/LSD/Web-Rmll-fr/html slide_1.html
2004.03.01 19:04 B D:\Sanctuaire\Linux\Rmll03\Web-Rmll-fr\html\slide_10.html --> www.univ-reims.fr /GNOSIE/LSD/Web-Rmll-fr/html slide_10.html
2004.03.01 19:04 B D:\Sanctuaire\Linux\Rmll03\Web-Rmll-fr\html\slide_11.html --> www.univ-reims.fr /GNOSIE/LSD/Web-Rmll-fr/html slide_11.html
2004.03.01 19:04 B D:\Sanctuaire\Linux\Rmll03\Web-Rmll-fr\html\slide_12.html --> www.univ-reims.fr /GNOSIE/LSD/Web-Rmll-fr/html slide_12.html
2004.03.01 19:04 B D:\Sanctuaire\Linux\Rmll03\Web-Rmll-fr\html\slide_13.html --> www.univ-reims.fr /GNOSIE/LSD/Web-Rmll-fr/html slide_13.html
2004.03.01 19:04 B D:\Sanctuaire\Linux\Rmll03\Web-Rmll-fr\html\slide_14.html --> www.univ-reims.fr /GNOSIE/LSD/Web-Rmll-fr/html slide_14.html
2004.03.01 19:04 B D:\Sanctuaire\Linux\Rmll03\Web-Rmll-fr\html\slide_15.html --> www.univ-reims.fr /GNOSIE/LSD/Web-Rmll-fr/html slide_15.html
2004.03.01 19:04 B D:\Sanctuaire\Linux\Rmll03\Web-Rmll-fr\html\slide_16.html --> www.univ-reims.fr /GNOSIE/LSD/Web-Rmll-fr/html slide_16.html
2004.03.01 19:04 B D:\Sanctuaire\Linux\Rmll03\Web-Rmll-fr\html\slide_17.html --> www.univ-reims.fr /GNOSIE/LSD/Web-Rmll-fr/html slide_17.html
2004.03.01 19:04 B D:\Sanctuaire\Linux\Rmll03\Web-Rmll-fr\html\slide_18.html --> www.univ-reims.fr /GNOSIE/LSD/Web-Rmll-fr/html slide_18.html
2004.03.01 19:04 B D:\Sanctuaire\Linux\Rmll03\Web-Rmll-fr\html\slide_19.html --> www.univ-reims.fr /GNOSIE/LSD/Web-Rmll-fr/html slide_19.html
2004.03.01 19:04 B D:\Sanctuaire\Linux\Rmll03\Web-Rmll-fr\html\slide_2.html --> www.univ-reims.fr /GNOSIE/LSD/Web-Rmll-fr/html slide_2.html
2004.03.01 19:04 B D:\Sanctuaire\Linux\Rmll03\Web-Rmll-fr\html\slide_20.html --> www.univ-reims.fr /GNOSIE/LSD/Web-Rmll-fr/html slide_20.html
2004.03.01 19:04 B D:\Sanctuaire\Linux\Rmll03\Web-Rmll-fr\html\slide_21.html --> www.univ-reims.fr /GNOSIE/LSD/Web-Rmll-fr/html slide_21.html
2004.03.01 19:04 B D:\Sanctuaire\Linux\Rmll03\Web-Rmll-fr\html\slide_22.html --> www.univ-reims.fr /GNOSIE/LSD/Web-Rmll-fr/html slide_22.html
2004.03.01 19:04 B D:\Sanctuaire\Linux\Rmll03\Web-Rmll-fr\html\slide_23.html --> www.univ-reims.fr /GNOSIE/LSD/Web-Rmll-fr/html slide_23.html
2004.03.01 19:04 B D:\Sanctuaire\Linux\Rmll03\Web-Rmll-fr\html\slide_24.html --> www.univ-reims.fr /GNOSIE/LSD/Web-Rmll-fr/html slide_24.html
2004.03.01 19:04 B D:\Sanctuaire\Linux\Rmll03\Web-Rmll-fr\html\slide_25.html --> www.univ-reims.fr /GNOSIE/LSD/Web-Rmll-fr/html slide_25.html
2004.03.01 19:04 B D:\Sanctuaire\Linux\Rmll03\Web-Rmll-fr\html\slide_26.html --> www.univ-reims.fr /GNOSIE/LSD/Web-Rmll-fr/html slide_26.html
2004.03.01 19:04 B D:\Sanctuaire\Linux\Rmll03\Web-Rmll-fr\html\slide_27.html --> www.univ-reims.fr /GNOSIE/LSD/Web-Rmll-fr/html slide_27.html
2004.03.01 19:04 B D:\Sanctuaire\Linux\Rmll03\Web-Rmll-fr\html\slide_28.html --> www.univ-reims.fr /GNOSIE/LSD/Web-Rmll-fr/html slide_28.html
2004.03.01 19:04 B D:\Sanctuaire\Linux\Rmll03\Web-Rmll-fr\html\slide_29.html --> www.univ-reims.fr /GNOSIE/LSD/Web-Rmll-fr/html slide_29.html
2004.03.01 19:04 B D:\Sanctuaire\Linux\Rmll03\Web-Rmll-fr\html\slide_3.html --> www.univ-reims.fr /GNOSIE/LSD/Web-Rmll-fr/html slide_3.html
2004.03.01 19:04 B D:\Sanctuaire\Linux\Rmll03\Web-Rmll-fr\html\slide_30.html --> www.univ-reims.fr /GNOSIE/LSD/Web-Rmll-fr/html slide_30.html
2004.03.01 19:04 B D:\Sanctuaire\Linux\Rmll03\Web-Rmll-fr\html\slide_31.html --> www.univ-reims.fr /GNOSIE/LSD/Web-Rmll-fr/html slide_31.html
2004.03.01 19:04 B D:\Sanctuaire\Linux\Rmll03\Web-Rmll-fr\html\slide_32.html --> www.univ-reims.fr /GNOSIE/LSD/Web-Rmll-fr/html slide_32.html
2004.03.01 19:04 B D:\Sanctuaire\Linux\Rmll03\Web-Rmll-fr\html\slide_33.html --> www.univ-reims.fr /GNOSIE/LSD/Web-Rmll-fr/html slide_33.html
2004.03.01 19:04 B D:\Sanctuaire\Linux\Rmll03\Web-Rmll-fr\html\slide_34.html --> www.univ-reims.fr /GNOSIE/LSD/Web-Rmll-fr/html slide_34.html
2004.03.01 19:04 B D:\Sanctuaire\Linux\Rmll03\Web-Rmll-fr\html\slide_35.html --> www.univ-reims.fr /GNOSIE/LSD/Web-Rmll-fr/html slide_35.html
2004.03.01 19:04 B D:\Sanctuaire\Linux\Rmll03\Web-Rmll-fr\html\slide_36.html --> www.univ-reims.fr /GNOSIE/LSD/Web-Rmll-fr/html slide_36.html
2004.03.01 19:04 B D:\Sanctuaire\Linux\Rmll03\Web-Rmll-fr\html\slide_37.html --> www.univ-reims.fr /GNOSIE/LSD/Web-Rmll-fr/html slide_37.html
2004.03.01 19:04 B D:\Sanctuaire\Linux\Rmll03\Web-Rmll-fr\html\slide_38.html --> www.univ-reims.fr /GNOSIE/LSD/Web-Rmll-fr/html slide_38.html
2004.03.01 19:04 B D:\Sanctuaire\Linux\Rmll03\Web-Rmll-fr\html\slide_39.html --> www.univ-reims.fr /GNOSIE/LSD/Web-Rmll-fr/html slide_39.html
2004.03.01 19:04 B D:\Sanctuaire\Linux\Rmll03\Web-Rmll-fr\html\slide_4.html --> www.univ-reims.fr /GNOSIE/LSD/Web-Rmll-fr/html slide_4.html
2004.03.01 19:04 B D:\Sanctuaire\Linux\Rmll03\Web-Rmll-fr\html\slide_40.html --> www.univ-reims.fr /GNOSIE/LSD/Web-Rmll-fr/html slide_40.html
2004.03.01 19:04 B D:\Sanctuaire\Linux\Rmll03\Web-Rmll-fr\html\slide_41.html --> www.univ-reims.fr /GNOSIE/LSD/Web-Rmll-fr/html slide_41.html
2004.03.01 19:04 B D:\Sanctuaire\Linux\Rmll03\Web-Rmll-fr\html\slide_42.html --> www.univ-reims.fr /GNOSIE/LSD/Web-Rmll-fr/html slide_42.html
2004.03.01 19:04 B D:\Sanctuaire\Linux\Rmll03\Web-Rmll-fr\html\slide_43.html --> www.univ-reims.fr /GNOSIE/LSD/Web-Rmll-fr/html slide_43.html
2004.03.01 19:04 B D:\Sanctuaire\Linux\Rmll03\Web-Rmll-fr\html\slide_44.html --> www.univ-reims.fr /GNOSIE/LSD/Web-Rmll-fr/html slide_44.html
2004.03.01 19:04 B D:\Sanctuaire\Linux\Rmll03\Web-Rmll-fr\html\slide_45.html --> www.univ-reims.fr /GNOSIE/LSD/Web-Rmll-fr/html slide_45.html
2004.03.01 19:04 B D:\Sanctuaire\Linux\Rmll03\Web-Rmll-fr\html\slide_46.html --> www.univ-reims.fr /GNOSIE/LSD/Web-Rmll-fr/html slide_46.html
2004.03.01 19:04 B D:\Sanctuaire\Linux\Rmll03\Web-Rmll-fr\html\slide_47.html --> www.univ-reims.fr /GNOSIE/LSD/Web-Rmll-fr/html slide_47.html
2004.03.01 19:04 B D:\Sanctuaire\Linux\Rmll03\Web-Rmll-fr\html\slide_48.html --> www.univ-reims.fr /GNOSIE/LSD/Web-Rmll-fr/html slide_48.html
2004.03.01 19:04 B D:\Sanctuaire\Linux\Rmll03\Web-Rmll-fr\html\slide_49.html --> www.univ-reims.fr /GNOSIE/LSD/Web-Rmll-fr/html slide_49.html
2004.03.01 19:04 B D:\Sanctuaire\Linux\Rmll03\Web-Rmll-fr\html\slide_5.html --> www.univ-reims.fr /GNOSIE/LSD/Web-Rmll-fr/html slide_5.html
2004.03.01 19:04 B D:\Sanctuaire\Linux\Rmll03\Web-Rmll-fr\html\slide_50.html --> www.univ-reims.fr /GNOSIE/LSD/Web-Rmll-fr/html slide_50.html
2004.03.01 19:04 B D:\Sanctuaire\Linux\Rmll03\Web-Rmll-fr\html\slide_51.html --> www.univ-reims.fr /GNOSIE/LSD/Web-Rmll-fr/html slide_51.html
2004.03.01 19:04 B D:\Sanctuaire\Linux\Rmll03\Web-Rmll-fr\html\slide_52.html --> www.univ-reims.fr /GNOSIE/LSD/Web-Rmll-fr/html slide_52.html
2004.03.01 19:04 B D:\Sanctuaire\Linux\Rmll03\Web-Rmll-fr\html\slide_53.html --> www.univ-reims.fr /GNOSIE/LSD/Web-Rmll-fr/html slide_53.html
2004.03.01 19:04 B D:\Sanctuaire\Linux\Rmll03\Web-Rmll-fr\html\slide_54.html --> www.univ-reims.fr /GNOSIE/LSD/Web-Rmll-fr/html slide_54.html
2004.03.01 19:04 B D:\Sanctuaire\Linux\Rmll03\Web-Rmll-fr\html\slide_55.html --> www.univ-reims.fr /GNOSIE/LSD/Web-Rmll-fr/html slide_55.html
2004.03.01 19:04 B D:\Sanctuaire\Linux\Rmll03\Web-Rmll-fr\html\slide_56.html --> www.univ-reims.fr /GNOSIE/LSD/Web-Rmll-fr/html slide_56.html
2004.03.01 19:04 B D:\Sanctuaire\Linux\Rmll03\Web-Rmll-fr\html\slide_57.html --> www.univ-reims.fr /GNOSIE/LSD/Web-Rmll-fr/html slide_57.html
2004.03.01 19:04 B D:\Sanctuaire\Linux\Rmll03\Web-Rmll-fr\html\slide_58.html --> www.univ-reims.fr /GNOSIE/LSD/Web-Rmll-fr/html slide_58.html
2004.03.01 19:04 B D:\Sanctuaire\Linux\Rmll03\Web-Rmll-fr\html\slide_59.html --> www.univ-reims.fr /GNOSIE/LSD/Web-Rmll-fr/html slide_59.html
2004.03.01 19:04 B D:\Sanctuaire\Linux\Rmll03\Web-Rmll-fr\html\slide_6.html --> www.univ-reims.fr /GNOSIE/LSD/Web-Rmll-fr/html slide_6.html
2004.03.01 19:04 B D:\Sanctuaire\Linux\Rmll03\Web-Rmll-fr\html\slide_60.html --> www.univ-reims.fr /GNOSIE/LSD/Web-Rmll-fr/html slide_60.html
2004.03.01 19:04 B D:\Sanctuaire\Linux\Rmll03\Web-Rmll-fr\html\slide_7.html --> www.univ-reims.fr /GNOSIE/LSD/Web-Rmll-fr/html slide_7.html
2004.03.01 19:04 B D:\Sanctuaire\Linux\Rmll03\Web-Rmll-fr\html\slide_8.html --> www.univ-reims.fr /GNOSIE/LSD/Web-Rmll-fr/html slide_8.html
2004.03.01 19:04 B D:\Sanctuaire\Linux\Rmll03\Web-Rmll-fr\html\slide_9.html --> www.univ-reims.fr /GNOSIE/LSD/Web-Rmll-fr/html slide_9.html
2004.03.01 19:04 B D:\Sanctuaire\Linux\Rmll03\Web-Rmll-fr\html\WS_FTP.LOG --> www.univ-reims.fr /GNOSIE/LSD/Web-Rmll-fr/html WS_FTP.LOG
2004.03.03 19:24 B D:\Sanctuaire\All\LSD\Site\Web-Rmll-fr\html\slide_1.html --> www.univ-reims.fr /GNOSIE/LSD/Web-Rmll-fr/html slide_1.html
2004.03.03 19:24 B D:\Sanctuaire\All\LSD\Site\Web-Rmll-fr\html\slide_10.html --> www.univ-reims.fr /GNOSIE/LSD/Web-Rmll-fr/html slide_10.html
2004.03.03 19:24 B D:\Sanctuaire\All\LSD\Site\Web-Rmll-fr\html\slide_11.html --> www.univ-reims.fr /GNOSIE/LSD/Web-Rmll-fr/html slide_11.html
2004.03.03 19:24 B D:\Sanctuaire\All\LSD\Site\Web-Rmll-fr\html\slide_12.html --> www.univ-reims.fr /GNOSIE/LSD/Web-Rmll-fr/html slide_12.html
2004.03.03 19:24 B D:\Sanctuaire\All\LSD\Site\Web-Rmll-fr\html\slide_13.html --> www.univ-reims.fr /GNOSIE/LSD/Web-Rmll-fr/html slide_13.html
2004.03.03 19:24 B D:\Sanctuaire\All\LSD\Site\Web-Rmll-fr\html\slide_14.html --> www.univ-reims.fr /GNOSIE/LSD/Web-Rmll-fr/html slide_14.html
2004.03.03 19:24 B D:\Sanctuaire\All\LSD\Site\Web-Rmll-fr\html\slide_15.html --> www.univ-reims.fr /GNOSIE/LSD/Web-Rmll-fr/html slide_15.html
2004.03.03 19:24 B D:\Sanctuaire\All\LSD\Site\Web-Rmll-fr\html\slide_16.html --> www.univ-reims.fr /GNOSIE/LSD/Web-Rmll-fr/html slide_16.html
2004.03.03 19:24 B D:\Sanctuaire\All\LSD\Site\Web-Rmll-fr\html\slide_17.html --> www.univ-reims.fr /GNOSIE/LSD/Web-Rmll-fr/html slide_17.html
2004.03.03 19:24 B D:\Sanctuaire\All\LSD\Site\Web-Rmll-fr\html\slide_18.html --> www.univ-reims.fr /GNOSIE/LSD/Web-Rmll-fr/html slide_18.html
2004.03.03 19:24 B D:\Sanctuaire\All\LSD\Site\Web-Rmll-fr\html\slide_19.html --> www.univ-reims.fr /GNOSIE/LSD/Web-Rmll-fr/html slide_19.html
2004.03.03 19:24 B D:\Sanctuaire\All\LSD\Site\Web-Rmll-fr\html\slide_2.html --> www.univ-reims.fr /GNOSIE/LSD/Web-Rmll-fr/html slide_2.html
2004.03.03 19:24 B D:\Sanctuaire\All\LSD\Site\Web-Rmll-fr\html\slide_20.html --> www.univ-reims.fr /GNOSIE/LSD/Web-Rmll-fr/html slide_20.html
2004.03.03 19:24 B D:\Sanctuaire\All\LSD\Site\Web-Rmll-fr\html\slide_21.html --> www.univ-reims.fr /GNOSIE/LSD/Web-Rmll-fr/html slide_21.html
2004.03.03 19:24 B D:\Sanctuaire\All\LSD\Site\Web-Rmll-fr\html\slide_22.html --> www.univ-reims.fr /GNOSIE/LSD/Web-Rmll-fr/html slide_22.html
2004.03.03 19:24 B D:\Sanctuaire\All\LSD\Site\Web-Rmll-fr\html\slide_23.html --> www.univ-reims.fr /GNOSIE/LSD/Web-Rmll-fr/html slide_23.html
2004.03.03 19:24 B D:\Sanctuaire\All\LSD\Site\Web-Rmll-fr\html\slide_24.html --> www.univ-reims.fr /GNOSIE/LSD/Web-Rmll-fr/html slide_24.html
2004.03.03 19:24 B D:\Sanctuaire\All\LSD\Site\Web-Rmll-fr\html\slide_25.html --> www.univ-reims.fr /GNOSIE/LSD/Web-Rmll-fr/html slide_25.html
2004.03.03 19:24 B D:\Sanctuaire\All\LSD\Site\Web-Rmll-fr\html\slide_26.html --> www.univ-reims.fr /GNOSIE/LSD/Web-Rmll-fr/html slide_26.html
2004.03.03 19:24 B D:\Sanctuaire\All\LSD\Site\Web-Rmll-fr\html\slide_27.html --> www.univ-reims.fr /GNOSIE/LSD/Web-Rmll-fr/html slide_27.html
2004.03.03 19:24 B D:\Sanctuaire\All\LSD\Site\Web-Rmll-fr\html\slide_28.html --> www.univ-reims.fr /GNOSIE/LSD/Web-Rmll-fr/html slide_28.html
2004.03.03 19:24 B D:\Sanctuaire\All\LSD\Site\Web-Rmll-fr\html\slide_29.html --> www.univ-reims.fr /GNOSIE/LSD/Web-Rmll-fr/html slide_29.html
2004.03.03 19:24 B D:\Sanctuaire\All\LSD\Site\Web-Rmll-fr\html\slide_3.html --> www.univ-reims.fr /GNOSIE/LSD/Web-Rmll-fr/html slide_3.html
2004.03.03 19:24 B D:\Sanctuaire\All\LSD\Site\Web-Rmll-fr\html\slide_30.html --> www.univ-reims.fr /GNOSIE/LSD/Web-Rmll-fr/html slide_30.html
2004.03.03 19:24 B D:\Sanctuaire\All\LSD\Site\Web-Rmll-fr\html\slide_31.html --> www.univ-reims.fr /GNOSIE/LSD/Web-Rmll-fr/html slide_31.html
2004.03.03 19:24 B D:\Sanctuaire\All\LSD\Site\Web-Rmll-fr\html\slide_32.html --> www.univ-reims.fr /GNOSIE/LSD/Web-Rmll-fr/html slide_32.html
2004.03.03 19:24 B D:\Sanctuaire\All\LSD\Site\Web-Rmll-fr\html\slide_33.html --> www.univ-reims.fr /GNOSIE/LSD/Web-Rmll-fr/html slide_33.html
2004.03.03 19:24 B D:\Sanctuaire\All\LSD\Site\Web-Rmll-fr\html\slide_34.html --> www.univ-reims.fr /GNOSIE/LSD/Web-Rmll-fr/html slide_34.html
2004.03.03 19:24 B D:\Sanctuaire\All\LSD\Site\Web-Rmll-fr\html\slide_35.html --> www.univ-reims.fr /GNOSIE/LSD/Web-Rmll-fr/html slide_35.html
2004.03.03 19:24 B D:\Sanctuaire\All\LSD\Site\Web-Rmll-fr\html\slide_36.html --> www.univ-reims.fr /GNOSIE/LSD/Web-Rmll-fr/html slide_36.html
2004.03.03 19:24 B D:\Sanctuaire\All\LSD\Site\Web-Rmll-fr\html\slide_37.html --> www.univ-reims.fr /GNOSIE/LSD/Web-Rmll-fr/html slide_37.html
2004.03.03 19:24 B D:\Sanctuaire\All\LSD\Site\Web-Rmll-fr\html\slide_38.html --> www.univ-reims.fr /GNOSIE/LSD/Web-Rmll-fr/html slide_38.html
2004.03.03 19:24 B D:\Sanctuaire\All\LSD\Site\Web-Rmll-fr\html\slide_39.html --> www.univ-reims.fr /GNOSIE/LSD/Web-Rmll-fr/html slide_39.html
2004.03.03 19:24 B D:\Sanctuaire\All\LSD\Site\Web-Rmll-fr\html\slide_4.html --> www.univ-reims.fr /GNOSIE/LSD/Web-Rmll-fr/html slide_4.html
2004.03.03 19:24 B D:\Sanctuaire\All\LSD\Site\Web-Rmll-fr\html\slide_40.html --> www.univ-reims.fr /GNOSIE/LSD/Web-Rmll-fr/html slide_40.html
2004.03.03 19:24 B D:\Sanctuaire\All\LSD\Site\Web-Rmll-fr\html\slide_41.html --> www.univ-reims.fr /GNOSIE/LSD/Web-Rmll-fr/html slide_41.html
2004.03.03 19:24 B D:\Sanctuaire\All\LSD\Site\Web-Rmll-fr\html\slide_42.html --> www.univ-reims.fr /GNOSIE/LSD/Web-Rmll-fr/html slide_42.html
2004.03.03 19:24 B D:\Sanctuaire\All\LSD\Site\Web-Rmll-fr\html\slide_43.html --> www.univ-reims.fr /GNOSIE/LSD/Web-Rmll-fr/html slide_43.html
2004.03.03 19:24 B D:\Sanctuaire\All\LSD\Site\Web-Rmll-fr\html\slide_44.html --> www.univ-reims.fr /GNOSIE/LSD/Web-Rmll-fr/html slide_44.html
2004.03.03 19:24 B D:\Sanctuaire\All\LSD\Site\Web-Rmll-fr\html\slide_45.html --> www.univ-reims.fr /GNOSIE/LSD/Web-Rmll-fr/html slide_45.html
2004.03.03 19:24 B D:\Sanctuaire\All\LSD\Site\Web-Rmll-fr\html\slide_46.html --> www.univ-reims.fr /GNOSIE/LSD/Web-Rmll-fr/html slide_46.html
2004.03.03 19:24 B D:\Sanctuaire\All\LSD\Site\Web-Rmll-fr\html\slide_47.html --> www.univ-reims.fr /GNOSIE/LSD/Web-Rmll-fr/html slide_47.html
2004.03.03 19:24 B D:\Sanctuaire\All\LSD\Site\Web-Rmll-fr\html\slide_48.html --> www.univ-reims.fr /GNOSIE/LSD/Web-Rmll-fr/html slide_48.html
2004.03.03 19:24 B D:\Sanctuaire\All\LSD\Site\Web-Rmll-fr\html\slide_49.html --> www.univ-reims.fr /GNOSIE/LSD/Web-Rmll-fr/html slide_49.html
2004.03.03 19:24 B D:\Sanctuaire\All\LSD\Site\Web-Rmll-fr\html\slide_5.html --> www.univ-reims.fr /GNOSIE/LSD/Web-Rmll-fr/html slide_5.html
2004.03.03 19:24 B D:\Sanctuaire\All\LSD\Site\Web-Rmll-fr\html\slide_50.html --> www.univ-reims.fr /GNOSIE/LSD/Web-Rmll-fr/html slide_50.html
2004.03.03 19:24 B D:\Sanctuaire\All\LSD\Site\Web-Rmll-fr\html\slide_51.html --> www.univ-reims.fr /GNOSIE/LSD/Web-Rmll-fr/html slide_51.html
2004.03.03 19:24 B D:\Sanctuaire\All\LSD\Site\Web-Rmll-fr\html\slide_52.html --> www.univ-reims.fr /GNOSIE/LSD/Web-Rmll-fr/html slide_52.html
2004.03.03 19:24 B D:\Sanctuaire\All\LSD\Site\Web-Rmll-fr\html\slide_53.html --> www.univ-reims.fr /GNOSIE/LSD/Web-Rmll-fr/html slide_53.html
2004.03.03 19:24 B D:\Sanctuaire\All\LSD\Site\Web-Rmll-fr\html\slide_54.html --> www.univ-reims.fr /GNOSIE/LSD/Web-Rmll-fr/html slide_54.html
2004.03.03 19:24 B D:\Sanctuaire\All\LSD\Site\Web-Rmll-fr\html\slide_55.html --> www.univ-reims.fr /GNOSIE/LSD/Web-Rmll-fr/html slide_55.html
2004.03.03 19:24 B D:\Sanctuaire\All\LSD\Site\Web-Rmll-fr\html\slide_56.html --> www.univ-reims.fr /GNOSIE/LSD/Web-Rmll-fr/html slide_56.html
2004.03.03 19:24 B D:\Sanctuaire\All\LSD\Site\Web-Rmll-fr\html\slide_57.html --> www.univ-reims.fr /GNOSIE/LSD/Web-Rmll-fr/html slide_57.html
2004.03.03 19:24 B D:\Sanctuaire\All\LSD\Site\Web-Rmll-fr\html\slide_58.html --> www.univ-reims.fr /GNOSIE/LSD/Web-Rmll-fr/html slide_58.html
2004.03.03 19:24 B D:\Sanctuaire\All\LSD\Site\Web-Rmll-fr\html\slide_59.html --> www.univ-reims.fr /GNOSIE/LSD/Web-Rmll-fr/html slide_59.html
2004.03.03 19:24 B D:\Sanctuaire\All\LSD\Site\Web-Rmll-fr\html\slide_6.html --> www.univ-reims.fr /GNOSIE/LSD/Web-Rmll-fr/html slide_6.html
2004.03.03 19:24 B D:\Sanctuaire\All\LSD\Site\Web-Rmll-fr\html\slide_60.html --> www.univ-reims.fr /GNOSIE/LSD/Web-Rmll-fr/html slide_60.html
2004.03.03 19:24 B D:\Sanctuaire\All\LSD\Site\Web-Rmll-fr\html\slide_7.html --> www.univ-reims.fr /GNOSIE/LSD/Web-Rmll-fr/html slide_7.html
2004.03.03 19:24 B D:\Sanctuaire\All\LSD\Site\Web-Rmll-fr\html\slide_8.html --> www.univ-reims.fr /GNOSIE/LSD/Web-Rmll-fr/html slide_8.html
2004.03.03 19:24 B D:\Sanctuaire\All\LSD\Site\Web-Rmll-fr\html\slide_9.html --> www.univ-reims.fr /GNOSIE/LSD/Web-Rmll-fr/html slide_9.html
2004.07.09 17:12 B C:\Documents and Settings\jmn\Mes documents\LSD\Web-Rmll-fr\html\WS_FTP.LOG <-- sitelabo /GNOSIE/LSD/Web-Rmll-fr/html WS_FTP.LOG
2004.07.09 17:15 B C:\Documents and Settings\jmn\Mes documents\LSD\Web-Rmll-fr\html\slide_1.html --> ftp.univ-reims.fr /LSD/Web-Rmll-fr/html slide_1.html
2004.07.09 17:15 B C:\Documents and Settings\jmn\Mes documents\LSD\Web-Rmll-fr\html\slide_10.html --> ftp.univ-reims.fr /LSD/Web-Rmll-fr/html slide_10.html
2004.07.09 17:15 B C:\Documents and Settings\jmn\Mes documents\LSD\Web-Rmll-fr\html\slide_11.html --> ftp.univ-reims.fr /LSD/Web-Rmll-fr/html slide_11.html
2004.07.09 17:15 B C:\Documents and Settings\jmn\Mes documents\LSD\Web-Rmll-fr\html\slide_12.html --> ftp.univ-reims.fr /LSD/Web-Rmll-fr/html slide_12.html
2004.07.09 17:15 B C:\Documents and Settings\jmn\Mes documents\LSD\Web-Rmll-fr\html\slide_13.html --> ftp.univ-reims.fr /LSD/Web-Rmll-fr/html slide_13.html
2004.07.09 17:15 B C:\Documents and Settings\jmn\Mes documents\LSD\Web-Rmll-fr\html\slide_14.html --> ftp.univ-reims.fr /LSD/Web-Rmll-fr/html slide_14.html
2004.07.09 17:15 B C:\Documents and Settings\jmn\Mes documents\LSD\Web-Rmll-fr\html\slide_15.html --> ftp.univ-reims.fr /LSD/Web-Rmll-fr/html slide_15.html
2004.07.09 17:15 B C:\Documents and Settings\jmn\Mes documents\LSD\Web-Rmll-fr\html\slide_16.html --> ftp.univ-reims.fr /LSD/Web-Rmll-fr/html slide_16.html
2004.07.09 17:15 B C:\Documents and Settings\jmn\Mes documents\LSD\Web-Rmll-fr\html\slide_17.html --> ftp.univ-reims.fr /LSD/Web-Rmll-fr/html slide_17.html
2004.07.09 17:15 B C:\Documents and Settings\jmn\Mes documents\LSD\Web-Rmll-fr\html\slide_18.html --> ftp.univ-reims.fr /LSD/Web-Rmll-fr/html slide_18.html
2004.07.09 17:15 B C:\Documents and Settings\jmn\Mes documents\LSD\Web-Rmll-fr\html\slide_19.html --> ftp.univ-reims.fr /LSD/Web-Rmll-fr/html slide_19.html
2004.07.09 17:15 B C:\Documents and Settings\jmn\Mes documents\LSD\Web-Rmll-fr\html\slide_2.html --> ftp.univ-reims.fr /LSD/Web-Rmll-fr/html slide_2.html
2004.07.09 17:15 B C:\Documents and Settings\jmn\Mes documents\LSD\Web-Rmll-fr\html\slide_20.html --> ftp.univ-reims.fr /LSD/Web-Rmll-fr/html slide_20.html
2004.07.09 17:15 B C:\Documents and Settings\jmn\Mes documents\LSD\Web-Rmll-fr\html\slide_21.html --> ftp.univ-reims.fr /LSD/Web-Rmll-fr/html slide_21.html
2004.07.09 17:15 B C:\Documents and Settings\jmn\Mes documents\LSD\Web-Rmll-fr\html\slide_22.html --> ftp.univ-reims.fr /LSD/Web-Rmll-fr/html slide_22.html
2004.07.09 17:15 B C:\Documents and Settings\jmn\Mes documents\LSD\Web-Rmll-fr\html\slide_23.html --> ftp.univ-reims.fr /LSD/Web-Rmll-fr/html slide_23.html
2004.07.09 17:15 B C:\Documents and Settings\jmn\Mes documents\LSD\Web-Rmll-fr\html\slide_24.html --> ftp.univ-reims.fr /LSD/Web-Rmll-fr/html slide_24.html
2004.07.09 17:15 B C:\Documents and Settings\jmn\Mes documents\LSD\Web-Rmll-fr\html\slide_25.html --> ftp.univ-reims.fr /LSD/Web-Rmll-fr/html slide_25.html
2004.07.09 17:15 B C:\Documents and Settings\jmn\Mes documents\LSD\Web-Rmll-fr\html\slide_26.html --> ftp.univ-reims.fr /LSD/Web-Rmll-fr/html slide_26.html
2004.07.09 17:15 B C:\Documents and Settings\jmn\Mes documents\LSD\Web-Rmll-fr\html\slide_27.html --> ftp.univ-reims.fr /LSD/Web-Rmll-fr/html slide_27.html
2004.07.09 17:15 B C:\Documents and Settings\jmn\Mes documents\LSD\Web-Rmll-fr\html\slide_28.html --> ftp.univ-reims.fr /LSD/Web-Rmll-fr/html slide_28.html
2004.07.09 17:15 B C:\Documents and Settings\jmn\Mes documents\LSD\Web-Rmll-fr\html\slide_29.html --> ftp.univ-reims.fr /LSD/Web-Rmll-fr/html slide_29.html
2004.07.09 17:15 B C:\Documents and Settings\jmn\Mes documents\LSD\Web-Rmll-fr\html\slide_3.html --> ftp.univ-reims.fr /LSD/Web-Rmll-fr/html slide_3.html
2004.07.09 17:15 B C:\Documents and Settings\jmn\Mes documents\LSD\Web-Rmll-fr\html\slide_30.html --> ftp.univ-reims.fr /LSD/Web-Rmll-fr/html slide_30.html
2004.07.09 17:15 B C:\Documents and Settings\jmn\Mes documents\LSD\Web-Rmll-fr\html\slide_31.html --> ftp.univ-reims.fr /LSD/Web-Rmll-fr/html slide_31.html
2004.07.09 17:15 B C:\Documents and Settings\jmn\Mes documents\LSD\Web-Rmll-fr\html\slide_32.html --> ftp.univ-reims.fr /LSD/Web-Rmll-fr/html slide_32.html
2004.07.09 17:15 B C:\Documents and Settings\jmn\Mes documents\LSD\Web-Rmll-fr\html\slide_33.html --> ftp.univ-reims.fr /LSD/Web-Rmll-fr/html slide_33.html
2004.07.09 17:15 B C:\Documents and Settings\jmn\Mes documents\LSD\Web-Rmll-fr\html\slide_34.html --> ftp.univ-reims.fr /LSD/Web-Rmll-fr/html slide_34.html
2004.07.09 17:15 B C:\Documents and Settings\jmn\Mes documents\LSD\Web-Rmll-fr\html\slide_35.html --> ftp.univ-reims.fr /LSD/Web-Rmll-fr/html slide_35.html
2004.07.09 17:15 B C:\Documents and Settings\jmn\Mes documents\LSD\Web-Rmll-fr\html\slide_36.html --> ftp.univ-reims.fr /LSD/Web-Rmll-fr/html slide_36.html
2004.07.09 17:15 B C:\Documents and Settings\jmn\Mes documents\LSD\Web-Rmll-fr\html\slide_37.html --> ftp.univ-reims.fr /LSD/Web-Rmll-fr/html slide_37.html
2004.07.09 17:15 B C:\Documents and Settings\jmn\Mes documents\LSD\Web-Rmll-fr\html\slide_38.html --> ftp.univ-reims.fr /LSD/Web-Rmll-fr/html slide_38.html
2004.07.09 17:15 B C:\Documents and Settings\jmn\Mes documents\LSD\Web-Rmll-fr\html\slide_39.html --> ftp.univ-reims.fr /LSD/Web-Rmll-fr/html slide_39.html
2004.07.09 17:15 B C:\Documents and Settings\jmn\Mes documents\LSD\Web-Rmll-fr\html\slide_4.html --> ftp.univ-reims.fr /LSD/Web-Rmll-fr/html slide_4.html
2004.07.09 17:15 B C:\Documents and Settings\jmn\Mes documents\LSD\Web-Rmll-fr\html\slide_40.html --> ftp.univ-reims.fr /LSD/Web-Rmll-fr/html slide_40.html
2004.07.09 17:15 B C:\Documents and Settings\jmn\Mes documents\LSD\Web-Rmll-fr\html\slide_41.html --> ftp.univ-reims.fr /LSD/Web-Rmll-fr/html slide_41.html
2004.07.09 17:15 B C:\Documents and Settings\jmn\Mes documents\LSD\Web-Rmll-fr\html\slide_42.html --> ftp.univ-reims.fr /LSD/Web-Rmll-fr/html slide_42.html
2004.07.09 17:15 B C:\Documents and Settings\jmn\Mes documents\LSD\Web-Rmll-fr\html\slide_43.html --> ftp.univ-reims.fr /LSD/Web-Rmll-fr/html slide_43.html
2004.07.09 17:15 B C:\Documents and Settings\jmn\Mes documents\LSD\Web-Rmll-fr\html\slide_44.html --> ftp.univ-reims.fr /LSD/Web-Rmll-fr/html slide_44.html
2004.07.09 17:15 B C:\Documents and Settings\jmn\Mes documents\LSD\Web-Rmll-fr\html\slide_45.html --> ftp.univ-reims.fr /LSD/Web-Rmll-fr/html slide_45.html
2004.07.09 17:15 B C:\Documents and Settings\jmn\Mes documents\LSD\Web-Rmll-fr\html\slide_46.html --> ftp.univ-reims.fr /LSD/Web-Rmll-fr/html slide_46.html
2004.07.09 17:15 B C:\Documents and Settings\jmn\Mes documents\LSD\Web-Rmll-fr\html\slide_47.html --> ftp.univ-reims.fr /LSD/Web-Rmll-fr/html slide_47.html
2004.07.09 17:15 B C:\Documents and Settings\jmn\Mes documents\LSD\Web-Rmll-fr\html\slide_48.html --> ftp.univ-reims.fr /LSD/Web-Rmll-fr/html slide_48.html
2004.07.09 17:15 B C:\Documents and Settings\jmn\Mes documents\LSD\Web-Rmll-fr\html\slide_49.html --> ftp.univ-reims.fr /LSD/Web-Rmll-fr/html slide_49.html
2004.07.09 17:15 B C:\Documents and Settings\jmn\Mes documents\LSD\Web-Rmll-fr\html\slide_5.html --> ftp.univ-reims.fr /LSD/Web-Rmll-fr/html slide_5.html
2004.07.09 17:15 B C:\Documents and Settings\jmn\Mes documents\LSD\Web-Rmll-fr\html\slide_50.html --> ftp.univ-reims.fr /LSD/Web-Rmll-fr/html slide_50.html
2004.07.09 17:15 B C:\Documents and Settings\jmn\Mes documents\LSD\Web-Rmll-fr\html\slide_51.html --> ftp.univ-reims.fr /LSD/Web-Rmll-fr/html slide_51.html
2004.07.09 17:15 B C:\Documents and Settings\jmn\Mes documents\LSD\Web-Rmll-fr\html\slide_52.html --> ftp.univ-reims.fr /LSD/Web-Rmll-fr/html slide_52.html
2004.07.09 17:15 B C:\Documents and Settings\jmn\Mes documents\LSD\Web-Rmll-fr\html\slide_53.html --> ftp.univ-reims.fr /LSD/Web-Rmll-fr/html slide_53.html
2004.07.09 17:15 B C:\Documents and Settings\jmn\Mes documents\LSD\Web-Rmll-fr\html\slide_54.html --> ftp.univ-reims.fr /LSD/Web-Rmll-fr/html slide_54.html
2004.07.09 17:15 B C:\Documents and Settings\jmn\Mes documents\LSD\Web-Rmll-fr\html\slide_55.html --> ftp.univ-reims.fr /LSD/Web-Rmll-fr/html slide_55.html
2004.07.09 17:15 B C:\Documents and Settings\jmn\Mes documents\LSD\Web-Rmll-fr\html\slide_56.html --> ftp.univ-reims.fr /LSD/Web-Rmll-fr/html slide_56.html
2004.07.09 17:15 B C:\Documents and Settings\jmn\Mes documents\LSD\Web-Rmll-fr\html\slide_57.html --> ftp.univ-reims.fr /LSD/Web-Rmll-fr/html slide_57.html
2004.07.09 17:15 B C:\Documents and Settings\jmn\Mes documents\LSD\Web-Rmll-fr\html\slide_58.html --> ftp.univ-reims.fr /LSD/Web-Rmll-fr/html slide_58.html
2004.07.09 17:15 B C:\Documents and Settings\jmn\Mes documents\LSD\Web-Rmll-fr\html\slide_59.html --> ftp.univ-reims.fr /LSD/Web-Rmll-fr/html slide_59.html
2004.07.09 17:15 B C:\Documents and Settings\jmn\Mes documents\LSD\Web-Rmll-fr\html\slide_6.html --> ftp.univ-reims.fr /LSD/Web-Rmll-fr/html slide_6.html
2004.07.09 17:15 B C:\Documents and Settings\jmn\Mes documents\LSD\Web-Rmll-fr\html\slide_60.html --> ftp.univ-reims.fr /LSD/Web-Rmll-fr/html slide_60.html
2004.07.09 17:15 B C:\Documents and Settings\jmn\Mes documents\LSD\Web-Rmll-fr\html\slide_7.html --> ftp.univ-reims.fr /LSD/Web-Rmll-fr/html slide_7.html
2004.07.09 17:15 B C:\Documents and Settings\jmn\Mes documents\LSD\Web-Rmll-fr\html\slide_8.html --> ftp.univ-reims.fr /LSD/Web-Rmll-fr/html slide_8.html
2004.07.09 17:15 B C:\Documents and Settings\jmn\Mes documents\LSD\Web-Rmll-fr\html\slide_9.html --> ftp.univ-reims.fr /LSD/Web-Rmll-fr/html slide_9.html
